c:\users\ravindrakumarg\documents\visual studio 2010\projects\testproject\copyconstructor\debug\copyconstructor.pch
c:\users\ravindrakumarg\documents\visual studio 2010\projects\testproject\copyconstructor\debug\stdafx.obj
c:\users\ravindrakumarg\documents\visual studio 2010\projects\testproject\copyconstructor\debug\vc100.pdb
c:\users\ravindrakumarg\documents\visual studio 2010\projects\testproject\copyconstructor\debug\copyconstructor.obj
c:\users\ravindrakumarg\documents\visual studio 2010\projects\testproject\debug\copyconstructor.ilk
c:\users\ravindrakumarg\documents\visual studio 2010\projects\testproject\debug\copyconstructor.exe
c:\users\ravindrakumarg\documents\visual studio 2010\projects\testproject\copyconstructor\debug\copyconstructor.exe.intermediate.manifest
c:\users\ravindrakumarg\documents\visual studio 2010\projects\testproject\debug\copyconstructor.pdb
c:\users\ravindrakumarg\documents\visual studio 2010\projects\testproject\copyconstructor\debug\copyconstructor.exe.embed.manifest
c:\users\ravindrakumarg\documents\visual studio 2010\projects\testproject\copyconstructor\debug\copyconstructor.exe.embed.manifest.res
d:\programs\c & c++\cpp_concepts\copyconstructor\debug\copyconstructor.vcxprojresolveassemblyreference.cache
d:\programs\c & c++\cpp_concepts\copyconstructor\debug\copyconstructor.obj
d:\programs\c & c++\cpp_concepts\copyconstructor\debug\stdafx.obj
d:\programs\c & c++\cpp_concepts\copyconstructor\debug\cl.command.1.tlog
d:\programs\c & c++\cpp_concepts\copyconstructor\debug\cl.read.1.tlog
d:\programs\c & c++\cpp_concepts\copyconstructor\debug\cl.write.1.tlog
d:\programs\c & c++\cpp_concepts\copyconstructor\debug\copyconstructor.write.1.tlog
d:\programs\c & c++\cpp_concepts\copyconstructor\debug\link-cvtres.read.1.tlog
d:\programs\c & c++\cpp_concepts\copyconstructor\debug\link-cvtres.write.1.tlog
d:\programs\c & c++\cpp_concepts\copyconstructor\debug\link.1524-cvtres.read.1.tlog
d:\programs\c & c++\cpp_concepts\copyconstructor\debug\link.1524-cvtres.write.1.tlog
d:\programs\c & c++\cpp_concepts\copyconstructor\debug\link.1524.read.1.tlog
d:\programs\c & c++\cpp_concepts\copyconstructor\debug\link.1524.write.1.tlog
d:\programs\c & c++\cpp_concepts\copyconstructor\debug\link.command.1.tlog
d:\programs\c & c++\cpp_concepts\copyconstructor\debug\link.read.1.tlog
d:\programs\c & c++\cpp_concepts\copyconstructor\debug\link.write.1.tlog
d:\programs\c & c++\cpp_concepts\copyconstructor\debug\mt.command.1.tlog
d:\programs\c & c++\cpp_concepts\copyconstructor\debug\mt.read.1.tlog
d:\programs\c & c++\cpp_concepts\copyconstructor\debug\mt.write.1.tlog
d:\programs\c & c++\cpp_concepts\copyconstructor\debug\rc.command.1.tlog
d:\programs\c & c++\cpp_concepts\copyconstructor\debug\rc.read.1.tlog
d:\programs\c & c++\cpp_concepts\copyconstructor\debug\rc.write.1.tlog
d:\programs\c & c++\cpp_concepts\copyconstructor\debug\copyconstructor.exe.embed.manifest
d:\programs\c & c++\cpp_concepts\copyconstructor\debug\copyconstructor.exe.intermediate.manifest
d:\programs\c & c++\cpp_concepts\copyconstructor\debug\copyconstructor.exe.embed.manifest.res
d:\programs\c & c++\cpp_concepts\copyconstructor\debug\copyconstructor.pch
d:\programs\c & c++\cpp_concepts\copyconstructor\debug\vc100.idb
d:\programs\c & c++\cpp_concepts\copyconstructor\debug\vc100.pdb
d:\programs\c & c++\cpp_concepts\copyconstructor\debug\copyconstructor_manifest.rc
d:\programs\c & c++\cpp_concepts\debug\copyconstructor.pdb
d:\programs\c & c++\cpp_concepts\debug\copyconstructor.exe
d:\programs\c & c++\cpp_concepts\debug\copyconstructor.ilk
