c:\users\ravindrakumarg\documents\visual studio 2010\projects\testproject\hybridinheritance1\debug\hybridinheritance1.pch
c:\users\ravindrakumarg\documents\visual studio 2010\projects\testproject\hybridinheritance1\debug\stdafx.obj
c:\users\ravindrakumarg\documents\visual studio 2010\projects\testproject\hybridinheritance1\debug\vc100.pdb
c:\users\ravindrakumarg\documents\visual studio 2010\projects\testproject\hybridinheritance1\debug\hybridinheritance1.obj
c:\users\ravindrakumarg\documents\visual studio 2010\projects\testproject\debug\hybridinheritance1.ilk
c:\users\ravindrakumarg\documents\visual studio 2010\projects\testproject\debug\hybridinheritance1.exe
c:\users\ravindrakumarg\documents\visual studio 2010\projects\testproject\hybridinheritance1\debug\hybridinheritance1.exe.intermediate.manifest
c:\users\ravindrakumarg\documents\visual studio 2010\projects\testproject\debug\hybridinheritance1.pdb
c:\users\ravindrakumarg\documents\visual studio 2010\projects\testproject\hybridinheritance1\debug\hybridinheritance1.exe.embed.manifest
c:\users\ravindrakumarg\documents\visual studio 2010\projects\testproject\hybridinheritance1\debug\hybridinheritance1.exe.embed.manifest.res
d:\programs\c & c++\cpp_concepts\hybridinheritance1\debug\hybridinheritance1.vcxprojresolveassemblyreference.cache
d:\programs\c & c++\cpp_concepts\hybridinheritance1\debug\hybridinheritance1.obj
d:\programs\c & c++\cpp_concepts\hybridinheritance1\debug\stdafx.obj
d:\programs\c & c++\cpp_concepts\hybridinheritance1\debug\cl.command.1.tlog
d:\programs\c & c++\cpp_concepts\hybridinheritance1\debug\cl.read.1.tlog
d:\programs\c & c++\cpp_concepts\hybridinheritance1\debug\cl.write.1.tlog
d:\programs\c & c++\cpp_concepts\hybridinheritance1\debug\hybridinheritance1.write.1.tlog
d:\programs\c & c++\cpp_concepts\hybridinheritance1\debug\link-cvtres.read.1.tlog
d:\programs\c & c++\cpp_concepts\hybridinheritance1\debug\link-cvtres.write.1.tlog
d:\programs\c & c++\cpp_concepts\hybridinheritance1\debug\link.2588-cvtres.read.1.tlog
d:\programs\c & c++\cpp_concepts\hybridinheritance1\debug\link.2588-cvtres.write.1.tlog
d:\programs\c & c++\cpp_concepts\hybridinheritance1\debug\link.2588.read.1.tlog
d:\programs\c & c++\cpp_concepts\hybridinheritance1\debug\link.2588.write.1.tlog
d:\programs\c & c++\cpp_concepts\hybridinheritance1\debug\link.5216-cvtres.read.1.tlog
d:\programs\c & c++\cpp_concepts\hybridinheritance1\debug\link.5216-cvtres.write.1.tlog
d:\programs\c & c++\cpp_concepts\hybridinheritance1\debug\link.5216.read.1.tlog
d:\programs\c & c++\cpp_concepts\hybridinheritance1\debug\link.5216.write.1.tlog
d:\programs\c & c++\cpp_concepts\hybridinheritance1\debug\link.command.1.tlog
d:\programs\c & c++\cpp_concepts\hybridinheritance1\debug\link.read.1.tlog
d:\programs\c & c++\cpp_concepts\hybridinheritance1\debug\link.write.1.tlog
d:\programs\c & c++\cpp_concepts\hybridinheritance1\debug\mt.command.1.tlog
d:\programs\c & c++\cpp_concepts\hybridinheritance1\debug\mt.read.1.tlog
d:\programs\c & c++\cpp_concepts\hybridinheritance1\debug\mt.write.1.tlog
d:\programs\c & c++\cpp_concepts\hybridinheritance1\debug\rc.command.1.tlog
d:\programs\c & c++\cpp_concepts\hybridinheritance1\debug\rc.read.1.tlog
d:\programs\c & c++\cpp_concepts\hybridinheritance1\debug\rc.write.1.tlog
d:\programs\c & c++\cpp_concepts\hybridinheritance1\debug\hybridinheritance1.exe.embed.manifest
d:\programs\c & c++\cpp_concepts\hybridinheritance1\debug\hybridinheritance1.exe.intermediate.manifest
d:\programs\c & c++\cpp_concepts\hybridinheritance1\debug\hybridinheritance1.exe.embed.manifest.res
d:\programs\c & c++\cpp_concepts\hybridinheritance1\debug\hybridinheritance1.pch
d:\programs\c & c++\cpp_concepts\hybridinheritance1\debug\vc100.idb
d:\programs\c & c++\cpp_concepts\hybridinheritance1\debug\vc100.pdb
d:\programs\c & c++\cpp_concepts\hybridinheritance1\debug\hybridinheritance1_manifest.rc
d:\programs\c & c++\cpp_concepts\debug\hybridinheritance1.pdb
d:\programs\c & c++\cpp_concepts\debug\hybridinheritance1.exe
d:\programs\c & c++\cpp_concepts\debug\hybridinheritance1.ilk
