c:\users\ravingupta\documents\projects\projects_c++\cpp_functionality\final_keyword\debug\final_keyword.pch
c:\users\ravingupta\documents\projects\projects_c++\cpp_functionality\final_keyword\debug\vc140.pdb
c:\users\ravingupta\documents\projects\projects_c++\cpp_functionality\final_keyword\debug\vc140.idb
c:\users\ravingupta\documents\projects\projects_c++\cpp_functionality\final_keyword\debug\stdafx.obj
c:\users\ravingupta\documents\projects\projects_c++\cpp_functionality\final_keyword\debug\final_keyword.obj
d:\programs\c & c++\cpp_functionality\final_keyword\debug\final_keyword.pch
d:\programs\c & c++\cpp_functionality\final_keyword\debug\vc141.pdb
d:\programs\c & c++\cpp_functionality\final_keyword\debug\vc141.idb
d:\programs\c & c++\cpp_functionality\final_keyword\debug\stdafx.obj
d:\programs\c & c++\cpp_functionality\final_keyword\debug\final_keyword.obj
c:\users\ravingupta\documents\projects\projects_c++\cpp_functionality\debug\final_keyword.ilk
c:\users\ravingupta\documents\projects\projects_c++\cpp_functionality\debug\final_keyword.exe
c:\users\ravingupta\documents\projects\projects_c++\cpp_functionality\debug\final_keyword.pdb
d:\programs\c & c++\cpp_functionality\debug\final_keyword.ilk
d:\programs\c & c++\cpp_functionality\debug\final_keyword.exe
d:\programs\c & c++\cpp_functionality\debug\final_keyword.pdb
d:\programs\c & c++\cpp_concepts\final_keyword\debug\final_keyword.obj
d:\programs\c & c++\cpp_concepts\final_keyword\debug\stdafx.obj
d:\programs\c & c++\cpp_concepts\final_keyword\debug\final_keyword.pch
d:\programs\c & c++\cpp_concepts\final_keyword\debug\vc140.idb
d:\programs\c & c++\cpp_concepts\final_keyword\debug\vc141.idb
d:\programs\c & c++\cpp_concepts\final_keyword\debug\vc140.pdb
d:\programs\c & c++\cpp_concepts\final_keyword\debug\vc141.pdb
d:\programs\c & c++\cpp_concepts\debug\final_keyword.pdb
d:\programs\c & c++\cpp_concepts\debug\final_keyword.exe
d:\programs\c & c++\cpp_concepts\debug\final_keyword.ilk
d:\programs\c & c++\cpp_concepts\final_keyword\debug\final_keyword.tlog\cl.command.1.tlog
d:\programs\c & c++\cpp_concepts\final_keyword\debug\final_keyword.tlog\cl.read.1.tlog
d:\programs\c & c++\cpp_concepts\final_keyword\debug\final_keyword.tlog\cl.write.1.tlog
d:\programs\c & c++\cpp_concepts\final_keyword\debug\final_keyword.tlog\link.command.1.tlog
d:\programs\c & c++\cpp_concepts\final_keyword\debug\final_keyword.tlog\link.delete.1.tlog
d:\programs\c & c++\cpp_concepts\final_keyword\debug\final_keyword.tlog\link.read.1.tlog
d:\programs\c & c++\cpp_concepts\final_keyword\debug\final_keyword.tlog\link.write.1.tlog
