c:\users\ravindrakumarg\documents\visual studio 2010\projects\testproject\execptionhandling\debug\execptionhandling.pch
c:\users\ravindrakumarg\documents\visual studio 2010\projects\testproject\execptionhandling\debug\stdafx.obj
c:\users\ravindrakumarg\documents\visual studio 2010\projects\testproject\execptionhandling\debug\vc100.pdb
c:\users\ravindrakumarg\documents\visual studio 2010\projects\testproject\execptionhandling\debug\execptionhandling.obj
c:\users\ravindrakumarg\documents\visual studio 2010\projects\testproject\debug\execptionhandling.ilk
c:\users\ravindrakumarg\documents\visual studio 2010\projects\testproject\debug\execptionhandling.exe
c:\users\ravindrakumarg\documents\visual studio 2010\projects\testproject\execptionhandling\debug\execptionhandling.exe.intermediate.manifest
c:\users\ravindrakumarg\documents\visual studio 2010\projects\testproject\debug\execptionhandling.pdb
c:\users\ravindrakumarg\documents\visual studio 2010\projects\testproject\execptionhandling\debug\execptionhandling.exe.embed.manifest
c:\users\ravindrakumarg\documents\visual studio 2010\projects\testproject\execptionhandling\debug\execptionhandling.exe.embed.manifest.res
d:\programs\c & c++\cpp_concepts\execptionhandling\debug\execptionhandling.vcxprojresolveassemblyreference.cache
d:\programs\c & c++\cpp_concepts\execptionhandling\debug\execptionhandling.obj
d:\programs\c & c++\cpp_concepts\execptionhandling\debug\stdafx.obj
d:\programs\c & c++\cpp_concepts\execptionhandling\debug\cl.command.1.tlog
d:\programs\c & c++\cpp_concepts\execptionhandling\debug\cl.read.1.tlog
d:\programs\c & c++\cpp_concepts\execptionhandling\debug\cl.write.1.tlog
d:\programs\c & c++\cpp_concepts\execptionhandling\debug\execptionhandling.write.1.tlog
d:\programs\c & c++\cpp_concepts\execptionhandling\debug\link-cvtres.read.1.tlog
d:\programs\c & c++\cpp_concepts\execptionhandling\debug\link-cvtres.write.1.tlog
d:\programs\c & c++\cpp_concepts\execptionhandling\debug\link.8012-cvtres.read.1.tlog
d:\programs\c & c++\cpp_concepts\execptionhandling\debug\link.8012-cvtres.write.1.tlog
d:\programs\c & c++\cpp_concepts\execptionhandling\debug\link.8012.read.1.tlog
d:\programs\c & c++\cpp_concepts\execptionhandling\debug\link.8012.write.1.tlog
d:\programs\c & c++\cpp_concepts\execptionhandling\debug\link.command.1.tlog
d:\programs\c & c++\cpp_concepts\execptionhandling\debug\link.read.1.tlog
d:\programs\c & c++\cpp_concepts\execptionhandling\debug\link.write.1.tlog
d:\programs\c & c++\cpp_concepts\execptionhandling\debug\mt.command.1.tlog
d:\programs\c & c++\cpp_concepts\execptionhandling\debug\mt.read.1.tlog
d:\programs\c & c++\cpp_concepts\execptionhandling\debug\mt.write.1.tlog
d:\programs\c & c++\cpp_concepts\execptionhandling\debug\rc.command.1.tlog
d:\programs\c & c++\cpp_concepts\execptionhandling\debug\rc.read.1.tlog
d:\programs\c & c++\cpp_concepts\execptionhandling\debug\rc.write.1.tlog
d:\programs\c & c++\cpp_concepts\execptionhandling\debug\execptionhandling.exe.embed.manifest
d:\programs\c & c++\cpp_concepts\execptionhandling\debug\execptionhandling.exe.intermediate.manifest
d:\programs\c & c++\cpp_concepts\execptionhandling\debug\execptionhandling.exe.embed.manifest.res
d:\programs\c & c++\cpp_concepts\execptionhandling\debug\execptionhandling.pch
d:\programs\c & c++\cpp_concepts\execptionhandling\debug\vc100.idb
d:\programs\c & c++\cpp_concepts\execptionhandling\debug\vc100.pdb
d:\programs\c & c++\cpp_concepts\execptionhandling\debug\execptionhandling_manifest.rc
d:\programs\c & c++\cpp_concepts\debug\execptionhandling.pdb
d:\programs\c & c++\cpp_concepts\debug\execptionhandling.exe
d:\programs\c & c++\cpp_concepts\debug\execptionhandling.ilk
