c:\users\ravindrakumarg\documents\visual studio 2010\projects\filemanagement\filemanagement\debug\filemanagement.pch
c:\users\ravindrakumarg\documents\visual studio 2010\projects\filemanagement\filemanagement\debug\stdafx.obj
c:\users\ravindrakumarg\documents\visual studio 2010\projects\filemanagement\filemanagement\debug\vc100.pdb
c:\users\ravindrakumarg\documents\visual studio 2010\projects\filemanagement\filemanagement\debug\filemanagement.obj
c:\users\ravindrakumarg\documents\visual studio 2010\projects\filemanagement\debug\filemanagement.ilk
c:\users\ravindrakumarg\documents\visual studio 2010\projects\filemanagement\debug\filemanagement.exe
c:\users\ravindrakumarg\documents\visual studio 2010\projects\filemanagement\filemanagement\debug\filemanagement.exe.intermediate.manifest
c:\users\ravindrakumarg\documents\visual studio 2010\projects\filemanagement\debug\filemanagement.pdb
c:\users\ravindrakumarg\documents\visual studio 2010\projects\filemanagement\filemanagement\debug\filemanagement.exe.embed.manifest
c:\users\ravindrakumarg\documents\visual studio 2010\projects\filemanagement\filemanagement\debug\filemanagement.exe.embed.manifest.res
d:\programs\c & c++\cpp_concepts\filemanagement\filemanagement\debug\filemanagement.vcxprojresolveassemblyreference.cache
d:\programs\c & c++\cpp_concepts\filemanagement\filemanagement\debug\filemanagement.obj
d:\programs\c & c++\cpp_concepts\filemanagement\filemanagement\debug\stdafx.obj
d:\programs\c & c++\cpp_concepts\filemanagement\filemanagement\debug\cl.command.1.tlog
d:\programs\c & c++\cpp_concepts\filemanagement\filemanagement\debug\cl.read.1.tlog
d:\programs\c & c++\cpp_concepts\filemanagement\filemanagement\debug\cl.write.1.tlog
d:\programs\c & c++\cpp_concepts\filemanagement\filemanagement\debug\filemanagement.write.1.tlog
d:\programs\c & c++\cpp_concepts\filemanagement\filemanagement\debug\link-cvtres.read.1.tlog
d:\programs\c & c++\cpp_concepts\filemanagement\filemanagement\debug\link-cvtres.write.1.tlog
d:\programs\c & c++\cpp_concepts\filemanagement\filemanagement\debug\link.1720-cvtres.read.1.tlog
d:\programs\c & c++\cpp_concepts\filemanagement\filemanagement\debug\link.1720-cvtres.write.1.tlog
d:\programs\c & c++\cpp_concepts\filemanagement\filemanagement\debug\link.1720.read.1.tlog
d:\programs\c & c++\cpp_concepts\filemanagement\filemanagement\debug\link.1720.write.1.tlog
d:\programs\c & c++\cpp_concepts\filemanagement\filemanagement\debug\link.3236-cvtres.read.1.tlog
d:\programs\c & c++\cpp_concepts\filemanagement\filemanagement\debug\link.3236-cvtres.write.1.tlog
d:\programs\c & c++\cpp_concepts\filemanagement\filemanagement\debug\link.3236.read.1.tlog
d:\programs\c & c++\cpp_concepts\filemanagement\filemanagement\debug\link.3236.write.1.tlog
d:\programs\c & c++\cpp_concepts\filemanagement\filemanagement\debug\link.3312-cvtres.read.1.tlog
d:\programs\c & c++\cpp_concepts\filemanagement\filemanagement\debug\link.3312-cvtres.write.1.tlog
d:\programs\c & c++\cpp_concepts\filemanagement\filemanagement\debug\link.3312.read.1.tlog
d:\programs\c & c++\cpp_concepts\filemanagement\filemanagement\debug\link.3312.write.1.tlog
d:\programs\c & c++\cpp_concepts\filemanagement\filemanagement\debug\link.4960-cvtres.read.1.tlog
d:\programs\c & c++\cpp_concepts\filemanagement\filemanagement\debug\link.4960-cvtres.write.1.tlog
d:\programs\c & c++\cpp_concepts\filemanagement\filemanagement\debug\link.4960.read.1.tlog
d:\programs\c & c++\cpp_concepts\filemanagement\filemanagement\debug\link.4960.write.1.tlog
d:\programs\c & c++\cpp_concepts\filemanagement\filemanagement\debug\link.5320-cvtres.read.1.tlog
d:\programs\c & c++\cpp_concepts\filemanagement\filemanagement\debug\link.5320-cvtres.write.1.tlog
d:\programs\c & c++\cpp_concepts\filemanagement\filemanagement\debug\link.5320.read.1.tlog
d:\programs\c & c++\cpp_concepts\filemanagement\filemanagement\debug\link.5320.write.1.tlog
d:\programs\c & c++\cpp_concepts\filemanagement\filemanagement\debug\link.5408-cvtres.read.1.tlog
d:\programs\c & c++\cpp_concepts\filemanagement\filemanagement\debug\link.5408-cvtres.write.1.tlog
d:\programs\c & c++\cpp_concepts\filemanagement\filemanagement\debug\link.5408.read.1.tlog
d:\programs\c & c++\cpp_concepts\filemanagement\filemanagement\debug\link.5408.write.1.tlog
d:\programs\c & c++\cpp_concepts\filemanagement\filemanagement\debug\link.8876-cvtres.read.1.tlog
d:\programs\c & c++\cpp_concepts\filemanagement\filemanagement\debug\link.8876-cvtres.write.1.tlog
d:\programs\c & c++\cpp_concepts\filemanagement\filemanagement\debug\link.8876.read.1.tlog
d:\programs\c & c++\cpp_concepts\filemanagement\filemanagement\debug\link.8876.write.1.tlog
d:\programs\c & c++\cpp_concepts\filemanagement\filemanagement\debug\link.command.1.tlog
d:\programs\c & c++\cpp_concepts\filemanagement\filemanagement\debug\link.read.1.tlog
d:\programs\c & c++\cpp_concepts\filemanagement\filemanagement\debug\link.write.1.tlog
d:\programs\c & c++\cpp_concepts\filemanagement\filemanagement\debug\mt.command.1.tlog
d:\programs\c & c++\cpp_concepts\filemanagement\filemanagement\debug\mt.read.1.tlog
d:\programs\c & c++\cpp_concepts\filemanagement\filemanagement\debug\mt.write.1.tlog
d:\programs\c & c++\cpp_concepts\filemanagement\filemanagement\debug\rc.command.1.tlog
d:\programs\c & c++\cpp_concepts\filemanagement\filemanagement\debug\rc.read.1.tlog
d:\programs\c & c++\cpp_concepts\filemanagement\filemanagement\debug\rc.write.1.tlog
d:\programs\c & c++\cpp_concepts\filemanagement\filemanagement\debug\filemanagement.exe.embed.manifest
d:\programs\c & c++\cpp_concepts\filemanagement\filemanagement\debug\filemanagement.exe.intermediate.manifest
d:\programs\c & c++\cpp_concepts\filemanagement\filemanagement\debug\filemanagement.exe.embed.manifest.res
d:\programs\c & c++\cpp_concepts\filemanagement\filemanagement\debug\filemanagement.pch
d:\programs\c & c++\cpp_concepts\filemanagement\filemanagement\debug\vc100.idb
d:\programs\c & c++\cpp_concepts\filemanagement\filemanagement\debug\vc100.pdb
d:\programs\c & c++\cpp_concepts\filemanagement\filemanagement\debug\filemanagement_manifest.rc
