c:\users\ravindrakumarg\documents\visual studio 2010\projects\systemproj\explicitmethod\debug\explicitmethod.pch
c:\users\ravindrakumarg\documents\visual studio 2010\projects\systemproj\explicitmethod\debug\stdafx.obj
c:\users\ravindrakumarg\documents\visual studio 2010\projects\systemproj\explicitmethod\debug\vc100.pdb
c:\users\ravindrakumarg\documents\visual studio 2010\projects\systemproj\explicitmethod\debug\explicitmethod.obj
c:\users\ravindrakumarg\documents\visual studio 2010\projects\systemproj\debug\explicitmethod.ilk
c:\users\ravindrakumarg\documents\visual studio 2010\projects\systemproj\debug\explicitmethod.exe
c:\users\ravindrakumarg\documents\visual studio 2010\projects\systemproj\explicitmethod\debug\explicitmethod.exe.intermediate.manifest
c:\users\ravindrakumarg\documents\visual studio 2010\projects\systemproj\debug\explicitmethod.pdb
c:\users\ravindrakumarg\documents\visual studio 2010\projects\systemproj\explicitmethod\debug\explicitmethod.exe.embed.manifest
c:\users\ravindrakumarg\documents\visual studio 2010\projects\systemproj\explicitmethod\debug\explicitmethod.exe.embed.manifest.res
d:\programs\c & c++\cpp_concepts\explicitmethod\debug\explicitmethod.pch
d:\programs\c & c++\cpp_concepts\explicitmethod\debug\vc140.pdb
d:\programs\c & c++\cpp_concepts\explicitmethod\debug\vc140.idb
d:\programs\c & c++\cpp_concepts\explicitmethod\debug\stdafx.obj
d:\programs\c & c++\cpp_concepts\explicitmethod\debug\explicitmethod.obj
d:\programs\c & c++\cpp_concepts\debug\explicitmethod.ilk
d:\programs\c & c++\cpp_concepts\debug\explicitmethod.exe
d:\programs\c & c++\cpp_concepts\debug\explicitmethod.pdb
d:\programs\c & c++\cpp_concepts\explicitmethod\debug\explicitmethod.vcxprojresolveassemblyreference.cache
d:\programs\c & c++\cpp_concepts\explicitmethod\debug\cl.command.1.tlog
d:\programs\c & c++\cpp_concepts\explicitmethod\debug\cl.read.1.tlog
d:\programs\c & c++\cpp_concepts\explicitmethod\debug\cl.write.1.tlog
d:\programs\c & c++\cpp_concepts\explicitmethod\debug\explicitmethod.write.1.tlog
d:\programs\c & c++\cpp_concepts\explicitmethod\debug\link-cvtres.read.1.tlog
d:\programs\c & c++\cpp_concepts\explicitmethod\debug\link-cvtres.write.1.tlog
d:\programs\c & c++\cpp_concepts\explicitmethod\debug\link.1156-cvtres.read.1.tlog
d:\programs\c & c++\cpp_concepts\explicitmethod\debug\link.1156-cvtres.write.1.tlog
d:\programs\c & c++\cpp_concepts\explicitmethod\debug\link.1156.read.1.tlog
d:\programs\c & c++\cpp_concepts\explicitmethod\debug\link.1156.write.1.tlog
d:\programs\c & c++\cpp_concepts\explicitmethod\debug\link.command.1.tlog
d:\programs\c & c++\cpp_concepts\explicitmethod\debug\link.read.1.tlog
d:\programs\c & c++\cpp_concepts\explicitmethod\debug\link.write.1.tlog
d:\programs\c & c++\cpp_concepts\explicitmethod\debug\mt.command.1.tlog
d:\programs\c & c++\cpp_concepts\explicitmethod\debug\mt.read.1.tlog
d:\programs\c & c++\cpp_concepts\explicitmethod\debug\mt.write.1.tlog
d:\programs\c & c++\cpp_concepts\explicitmethod\debug\rc.command.1.tlog
d:\programs\c & c++\cpp_concepts\explicitmethod\debug\rc.read.1.tlog
d:\programs\c & c++\cpp_concepts\explicitmethod\debug\rc.write.1.tlog
d:\programs\c & c++\cpp_concepts\explicitmethod\debug\explicitmethod.exe.embed.manifest
d:\programs\c & c++\cpp_concepts\explicitmethod\debug\explicitmethod.exe.intermediate.manifest
d:\programs\c & c++\cpp_concepts\explicitmethod\debug\explicitmethod.exe.embed.manifest.res
d:\programs\c & c++\cpp_concepts\explicitmethod\debug\vc100.idb
d:\programs\c & c++\cpp_concepts\explicitmethod\debug\vc100.pdb
d:\programs\c & c++\cpp_concepts\explicitmethod\debug\explicitmethod_manifest.rc
d:\programs\c & c++\cpp_concepts\explicitmethod\debug\explicitmethod.tlog\cl.command.1.tlog
d:\programs\c & c++\cpp_concepts\explicitmethod\debug\explicitmethod.tlog\cl.read.1.tlog
d:\programs\c & c++\cpp_concepts\explicitmethod\debug\explicitmethod.tlog\cl.write.1.tlog
d:\programs\c & c++\cpp_concepts\explicitmethod\debug\explicitmethod.tlog\link.command.1.tlog
d:\programs\c & c++\cpp_concepts\explicitmethod\debug\explicitmethod.tlog\link.read.1.tlog
d:\programs\c & c++\cpp_concepts\explicitmethod\debug\explicitmethod.tlog\link.write.1.tlog
