c:\users\ravindrakumarg\documents\visual studio 2010\projects\testproject\virtualdistructor\debug\virtualdistructor.pch
c:\users\ravindrakumarg\documents\visual studio 2010\projects\testproject\virtualdistructor\debug\stdafx.obj
c:\users\ravindrakumarg\documents\visual studio 2010\projects\testproject\virtualdistructor\debug\vc100.pdb
c:\users\ravindrakumarg\documents\visual studio 2010\projects\testproject\virtualdistructor\debug\virtualdistructor.obj
c:\users\ravindrakumarg\documents\visual studio 2010\projects\testproject\debug\virtualdistructor.ilk
c:\users\ravindrakumarg\documents\visual studio 2010\projects\testproject\debug\virtualdistructor.exe
c:\users\ravindrakumarg\documents\visual studio 2010\projects\testproject\virtualdistructor\debug\virtualdistructor.exe.intermediate.manifest
c:\users\ravindrakumarg\documents\visual studio 2010\projects\testproject\debug\virtualdistructor.pdb
c:\users\ravindrakumarg\documents\visual studio 2010\projects\testproject\virtualdistructor\debug\virtualdistructor.exe.embed.manifest
c:\users\ravindrakumarg\documents\visual studio 2010\projects\testproject\virtualdistructor\debug\virtualdistructor.exe.embed.manifest.res
d:\programs\c & c++\cpp_concepts\virtualdistructor\debug\virtualdistructor.vcxprojresolveassemblyreference.cache
d:\programs\c & c++\cpp_concepts\virtualdistructor\debug\stdafx.obj
d:\programs\c & c++\cpp_concepts\virtualdistructor\debug\virtualdistructor.obj
d:\programs\c & c++\cpp_concepts\virtualdistructor\debug\cl.command.1.tlog
d:\programs\c & c++\cpp_concepts\virtualdistructor\debug\cl.read.1.tlog
d:\programs\c & c++\cpp_concepts\virtualdistructor\debug\cl.write.1.tlog
d:\programs\c & c++\cpp_concepts\virtualdistructor\debug\link-cvtres.read.1.tlog
d:\programs\c & c++\cpp_concepts\virtualdistructor\debug\link-cvtres.write.1.tlog
d:\programs\c & c++\cpp_concepts\virtualdistructor\debug\link.2560-cvtres.read.1.tlog
d:\programs\c & c++\cpp_concepts\virtualdistructor\debug\link.2560-cvtres.write.1.tlog
d:\programs\c & c++\cpp_concepts\virtualdistructor\debug\link.2560.read.1.tlog
d:\programs\c & c++\cpp_concepts\virtualdistructor\debug\link.2560.write.1.tlog
d:\programs\c & c++\cpp_concepts\virtualdistructor\debug\link.4368-cvtres.read.1.tlog
d:\programs\c & c++\cpp_concepts\virtualdistructor\debug\link.4368-cvtres.write.1.tlog
d:\programs\c & c++\cpp_concepts\virtualdistructor\debug\link.4368.read.1.tlog
d:\programs\c & c++\cpp_concepts\virtualdistructor\debug\link.4368.write.1.tlog
d:\programs\c & c++\cpp_concepts\virtualdistructor\debug\link.5156-cvtres.read.1.tlog
d:\programs\c & c++\cpp_concepts\virtualdistructor\debug\link.5156-cvtres.write.1.tlog
d:\programs\c & c++\cpp_concepts\virtualdistructor\debug\link.5156.read.1.tlog
d:\programs\c & c++\cpp_concepts\virtualdistructor\debug\link.5156.write.1.tlog
d:\programs\c & c++\cpp_concepts\virtualdistructor\debug\link.5416-cvtres.read.1.tlog
d:\programs\c & c++\cpp_concepts\virtualdistructor\debug\link.5416-cvtres.write.1.tlog
d:\programs\c & c++\cpp_concepts\virtualdistructor\debug\link.5416.read.1.tlog
d:\programs\c & c++\cpp_concepts\virtualdistructor\debug\link.5416.write.1.tlog
d:\programs\c & c++\cpp_concepts\virtualdistructor\debug\link.6036-cvtres.read.1.tlog
d:\programs\c & c++\cpp_concepts\virtualdistructor\debug\link.6036-cvtres.write.1.tlog
d:\programs\c & c++\cpp_concepts\virtualdistructor\debug\link.6036.read.1.tlog
d:\programs\c & c++\cpp_concepts\virtualdistructor\debug\link.6036.write.1.tlog
d:\programs\c & c++\cpp_concepts\virtualdistructor\debug\link.8440-cvtres.read.1.tlog
d:\programs\c & c++\cpp_concepts\virtualdistructor\debug\link.8440-cvtres.write.1.tlog
d:\programs\c & c++\cpp_concepts\virtualdistructor\debug\link.8440.read.1.tlog
d:\programs\c & c++\cpp_concepts\virtualdistructor\debug\link.8440.write.1.tlog
d:\programs\c & c++\cpp_concepts\virtualdistructor\debug\link.command.1.tlog
d:\programs\c & c++\cpp_concepts\virtualdistructor\debug\link.read.1.tlog
d:\programs\c & c++\cpp_concepts\virtualdistructor\debug\link.write.1.tlog
d:\programs\c & c++\cpp_concepts\virtualdistructor\debug\mt.command.1.tlog
d:\programs\c & c++\cpp_concepts\virtualdistructor\debug\mt.read.1.tlog
d:\programs\c & c++\cpp_concepts\virtualdistructor\debug\mt.write.1.tlog
d:\programs\c & c++\cpp_concepts\virtualdistructor\debug\rc.command.1.tlog
d:\programs\c & c++\cpp_concepts\virtualdistructor\debug\rc.read.1.tlog
d:\programs\c & c++\cpp_concepts\virtualdistructor\debug\rc.write.1.tlog
d:\programs\c & c++\cpp_concepts\virtualdistructor\debug\virtualdistructor.write.1.tlog
d:\programs\c & c++\cpp_concepts\virtualdistructor\debug\virtualdistructor.exe.embed.manifest
d:\programs\c & c++\cpp_concepts\virtualdistructor\debug\virtualdistructor.exe.intermediate.manifest
d:\programs\c & c++\cpp_concepts\virtualdistructor\debug\virtualdistructor.exe.embed.manifest.res
d:\programs\c & c++\cpp_concepts\virtualdistructor\debug\virtualdistructor.pch
d:\programs\c & c++\cpp_concepts\virtualdistructor\debug\vc100.idb
d:\programs\c & c++\cpp_concepts\virtualdistructor\debug\vc100.pdb
d:\programs\c & c++\cpp_concepts\virtualdistructor\debug\virtualdistructor_manifest.rc
d:\programs\c & c++\cpp_concepts\debug\virtualdistructor.pdb
d:\programs\c & c++\cpp_concepts\debug\virtualdistructor.exe
d:\programs\c & c++\cpp_concepts\debug\virtualdistructor.ilk
