d:\programs\c & c++\cpp_functionality\diamondprob\debug\diamondprob.pch
d:\programs\c & c++\cpp_functionality\diamondprob\debug\vc141.pdb
d:\programs\c & c++\cpp_functionality\diamondprob\debug\vc141.idb
d:\programs\c & c++\cpp_functionality\diamondprob\debug\stdafx.obj
d:\programs\c & c++\cpp_functionality\diamondprob\debug\diamondprob.obj
d:\programs\c & c++\cpp_functionality\debug\diamondprob.exe
d:\programs\c & c++\cpp_functionality\debug\diamondprob.ilk
d:\programs\c & c++\cpp_functionality\debug\diamondprob.pdb
d:\programs\c & c++\cpp_concepts\diamondprob\debug\diamondprob.obj
d:\programs\c & c++\cpp_concepts\diamondprob\debug\stdafx.obj
d:\programs\c & c++\cpp_concepts\diamondprob\debug\diamondprob.pch
d:\programs\c & c++\cpp_concepts\diamondprob\debug\vc140.idb
d:\programs\c & c++\cpp_concepts\diamondprob\debug\vc141.idb
d:\programs\c & c++\cpp_concepts\diamondprob\debug\vc140.pdb
d:\programs\c & c++\cpp_concepts\diamondprob\debug\vc141.pdb
d:\programs\c & c++\cpp_concepts\debug\diamondprob.pdb
d:\programs\c & c++\cpp_concepts\debug\diamondprob.exe
d:\programs\c & c++\cpp_concepts\debug\diamondprob.ilk
d:\programs\c & c++\cpp_concepts\diamondprob\debug\diamondprob.tlog\cl.command.1.tlog
d:\programs\c & c++\cpp_concepts\diamondprob\debug\diamondprob.tlog\cl.read.1.tlog
d:\programs\c & c++\cpp_concepts\diamondprob\debug\diamondprob.tlog\cl.write.1.tlog
d:\programs\c & c++\cpp_concepts\diamondprob\debug\diamondprob.tlog\link.command.1.tlog
d:\programs\c & c++\cpp_concepts\diamondprob\debug\diamondprob.tlog\link.delete.1.tlog
d:\programs\c & c++\cpp_concepts\diamondprob\debug\diamondprob.tlog\link.read.1.tlog
d:\programs\c & c++\cpp_concepts\diamondprob\debug\diamondprob.tlog\link.write.1.tlog
