c:\users\ravindrakumarg\documents\visual studio 2010\projects\testproject\operatoroverloading\debug\operatoroverloading.pch
c:\users\ravindrakumarg\documents\visual studio 2010\projects\testproject\operatoroverloading\debug\stdafx.obj
c:\users\ravindrakumarg\documents\visual studio 2010\projects\testproject\operatoroverloading\debug\vc100.pdb
c:\users\ravindrakumarg\documents\visual studio 2010\projects\testproject\operatoroverloading\debug\operatoroverloading.obj
c:\users\ravindrakumarg\documents\visual studio 2010\projects\testproject\debug\operatoroverloading.ilk
c:\users\ravindrakumarg\documents\visual studio 2010\projects\testproject\debug\operatoroverloading.exe
c:\users\ravindrakumarg\documents\visual studio 2010\projects\testproject\operatoroverloading\debug\operatoroverloading.exe.intermediate.manifest
c:\users\ravindrakumarg\documents\visual studio 2010\projects\testproject\debug\operatoroverloading.pdb
c:\users\ravindrakumarg\documents\visual studio 2010\projects\testproject\operatoroverloading\debug\operatoroverloading.exe.embed.manifest
c:\users\ravindrakumarg\documents\visual studio 2010\projects\testproject\operatoroverloading\debug\operatoroverloading.exe.embed.manifest.res
d:\programs\c & c++\cpp_concepts\operatoroverloading\debug\operatoroverloading.vcxprojresolveassemblyreference.cache
d:\programs\c & c++\cpp_concepts\operatoroverloading\debug\operatoroverloading.obj
d:\programs\c & c++\cpp_concepts\operatoroverloading\debug\stdafx.obj
d:\programs\c & c++\cpp_concepts\operatoroverloading\debug\cl.command.1.tlog
d:\programs\c & c++\cpp_concepts\operatoroverloading\debug\cl.read.1.tlog
d:\programs\c & c++\cpp_concepts\operatoroverloading\debug\cl.write.1.tlog
d:\programs\c & c++\cpp_concepts\operatoroverloading\debug\link-cvtres.read.1.tlog
d:\programs\c & c++\cpp_concepts\operatoroverloading\debug\link-cvtres.write.1.tlog
d:\programs\c & c++\cpp_concepts\operatoroverloading\debug\link.3068-cvtres.read.1.tlog
d:\programs\c & c++\cpp_concepts\operatoroverloading\debug\link.3068-cvtres.write.1.tlog
d:\programs\c & c++\cpp_concepts\operatoroverloading\debug\link.3068.read.1.tlog
d:\programs\c & c++\cpp_concepts\operatoroverloading\debug\link.3068.write.1.tlog
d:\programs\c & c++\cpp_concepts\operatoroverloading\debug\link.command.1.tlog
d:\programs\c & c++\cpp_concepts\operatoroverloading\debug\link.read.1.tlog
d:\programs\c & c++\cpp_concepts\operatoroverloading\debug\link.write.1.tlog
d:\programs\c & c++\cpp_concepts\operatoroverloading\debug\mt.command.1.tlog
d:\programs\c & c++\cpp_concepts\operatoroverloading\debug\mt.read.1.tlog
d:\programs\c & c++\cpp_concepts\operatoroverloading\debug\mt.write.1.tlog
d:\programs\c & c++\cpp_concepts\operatoroverloading\debug\operatoroverloading.write.1.tlog
d:\programs\c & c++\cpp_concepts\operatoroverloading\debug\rc.command.1.tlog
d:\programs\c & c++\cpp_concepts\operatoroverloading\debug\rc.read.1.tlog
d:\programs\c & c++\cpp_concepts\operatoroverloading\debug\rc.write.1.tlog
d:\programs\c & c++\cpp_concepts\operatoroverloading\debug\operatoroverloading.exe.embed.manifest
d:\programs\c & c++\cpp_concepts\operatoroverloading\debug\operatoroverloading.exe.intermediate.manifest
d:\programs\c & c++\cpp_concepts\operatoroverloading\debug\operatoroverloading.exe.embed.manifest.res
d:\programs\c & c++\cpp_concepts\operatoroverloading\debug\operatoroverloading.pch
d:\programs\c & c++\cpp_concepts\operatoroverloading\debug\vc100.idb
d:\programs\c & c++\cpp_concepts\operatoroverloading\debug\vc100.pdb
d:\programs\c & c++\cpp_concepts\operatoroverloading\debug\operatoroverloading_manifest.rc
d:\programs\c & c++\cpp_concepts\debug\operatoroverloading.pdb
d:\programs\c & c++\cpp_concepts\debug\operatoroverloading.exe
d:\programs\c & c++\cpp_concepts\debug\operatoroverloading.ilk
