c:\users\ravindrakumarg\documents\visual studio 2010\projects\testproject\casting\debug\casting.pch
c:\users\ravindrakumarg\documents\visual studio 2010\projects\testproject\casting\debug\stdafx.obj
c:\users\ravindrakumarg\documents\visual studio 2010\projects\testproject\casting\debug\vc100.pdb
c:\users\ravindrakumarg\documents\visual studio 2010\projects\testproject\casting\debug\casting.obj
c:\users\ravindrakumarg\documents\visual studio 2010\projects\testproject\debug\casting.ilk
c:\users\ravindrakumarg\documents\visual studio 2010\projects\testproject\debug\casting.exe
c:\users\ravindrakumarg\documents\visual studio 2010\projects\testproject\casting\debug\casting.exe.intermediate.manifest
c:\users\ravindrakumarg\documents\visual studio 2010\projects\testproject\debug\casting.pdb
c:\users\ravindrakumarg\documents\visual studio 2010\projects\testproject\casting\debug\casting.exe.embed.manifest
c:\users\ravindrakumarg\documents\visual studio 2010\projects\testproject\casting\debug\casting.exe.embed.manifest.res
d:\programs\c & c++\cpp_concepts\casting\debug\casting.obj
d:\programs\c & c++\cpp_concepts\casting\debug\stdafx.obj
d:\programs\c & c++\cpp_concepts\casting\debug\casting.write.1.tlog
d:\programs\c & c++\cpp_concepts\casting\debug\cl.command.1.tlog
d:\programs\c & c++\cpp_concepts\casting\debug\cl.read.1.tlog
d:\programs\c & c++\cpp_concepts\casting\debug\cl.write.1.tlog
d:\programs\c & c++\cpp_concepts\casting\debug\link-cvtres.read.1.tlog
d:\programs\c & c++\cpp_concepts\casting\debug\link-cvtres.write.1.tlog
d:\programs\c & c++\cpp_concepts\casting\debug\link.8836-cvtres.read.1.tlog
d:\programs\c & c++\cpp_concepts\casting\debug\link.8836-cvtres.write.1.tlog
d:\programs\c & c++\cpp_concepts\casting\debug\link.8836.read.1.tlog
d:\programs\c & c++\cpp_concepts\casting\debug\link.8836.write.1.tlog
d:\programs\c & c++\cpp_concepts\casting\debug\link.command.1.tlog
d:\programs\c & c++\cpp_concepts\casting\debug\link.read.1.tlog
d:\programs\c & c++\cpp_concepts\casting\debug\link.write.1.tlog
d:\programs\c & c++\cpp_concepts\casting\debug\mt.command.1.tlog
d:\programs\c & c++\cpp_concepts\casting\debug\mt.read.1.tlog
d:\programs\c & c++\cpp_concepts\casting\debug\mt.write.1.tlog
d:\programs\c & c++\cpp_concepts\casting\debug\rc.command.1.tlog
d:\programs\c & c++\cpp_concepts\casting\debug\rc.read.1.tlog
d:\programs\c & c++\cpp_concepts\casting\debug\rc.write.1.tlog
d:\programs\c & c++\cpp_concepts\casting\debug\casting.exe.embed.manifest
d:\programs\c & c++\cpp_concepts\casting\debug\casting.exe.intermediate.manifest
d:\programs\c & c++\cpp_concepts\casting\debug\casting.exe.embed.manifest.res
d:\programs\c & c++\cpp_concepts\casting\debug\casting.pch
d:\programs\c & c++\cpp_concepts\casting\debug\vc100.idb
d:\programs\c & c++\cpp_concepts\casting\debug\vc100.pdb
d:\programs\c & c++\cpp_concepts\casting\debug\casting_manifest.rc
d:\programs\c & c++\cpp_concepts\debug\casting.pdb
d:\programs\c & c++\cpp_concepts\debug\casting.ilk
