c:\users\ravindrakumarg\documents\visual studio 2010\projects\testproject\reference_variable\debug\reference_variable.pch
c:\users\ravindrakumarg\documents\visual studio 2010\projects\testproject\reference_variable\debug\stdafx.obj
c:\users\ravindrakumarg\documents\visual studio 2010\projects\testproject\reference_variable\debug\vc100.pdb
c:\users\ravindrakumarg\documents\visual studio 2010\projects\testproject\reference_variable\debug\reference_variable.obj
c:\users\ravindrakumarg\documents\visual studio 2010\projects\testproject\debug\reference_variable.ilk
c:\users\ravindrakumarg\documents\visual studio 2010\projects\testproject\debug\reference_variable.exe
c:\users\ravindrakumarg\documents\visual studio 2010\projects\testproject\reference_variable\debug\reference_variable.exe.intermediate.manifest
c:\users\ravindrakumarg\documents\visual studio 2010\projects\testproject\debug\reference_variable.pdb
c:\users\ravindrakumarg\documents\visual studio 2010\projects\testproject\reference_variable\debug\reference_variable.exe.embed.manifest
c:\users\ravindrakumarg\documents\visual studio 2010\projects\testproject\reference_variable\debug\reference_variable.exe.embed.manifest.res
d:\programs\c & c++\cpp_concepts\reference_variable\debug\reference_variable.obj
d:\programs\c & c++\cpp_concepts\reference_variable\debug\stdafx.obj
d:\programs\c & c++\cpp_concepts\reference_variable\debug\cl.command.1.tlog
d:\programs\c & c++\cpp_concepts\reference_variable\debug\cl.read.1.tlog
d:\programs\c & c++\cpp_concepts\reference_variable\debug\cl.write.1.tlog
d:\programs\c & c++\cpp_concepts\reference_variable\debug\link-cvtres.read.1.tlog
d:\programs\c & c++\cpp_concepts\reference_variable\debug\link-cvtres.write.1.tlog
d:\programs\c & c++\cpp_concepts\reference_variable\debug\link.1608-cvtres.read.1.tlog
d:\programs\c & c++\cpp_concepts\reference_variable\debug\link.1608-cvtres.write.1.tlog
d:\programs\c & c++\cpp_concepts\reference_variable\debug\link.1608.read.1.tlog
d:\programs\c & c++\cpp_concepts\reference_variable\debug\link.1608.write.1.tlog
d:\programs\c & c++\cpp_concepts\reference_variable\debug\link.command.1.tlog
d:\programs\c & c++\cpp_concepts\reference_variable\debug\link.read.1.tlog
d:\programs\c & c++\cpp_concepts\reference_variable\debug\link.write.1.tlog
d:\programs\c & c++\cpp_concepts\reference_variable\debug\mt.command.1.tlog
d:\programs\c & c++\cpp_concepts\reference_variable\debug\mt.read.1.tlog
d:\programs\c & c++\cpp_concepts\reference_variable\debug\mt.write.1.tlog
d:\programs\c & c++\cpp_concepts\reference_variable\debug\rc.command.1.tlog
d:\programs\c & c++\cpp_concepts\reference_variable\debug\rc.read.1.tlog
d:\programs\c & c++\cpp_concepts\reference_variable\debug\rc.write.1.tlog
d:\programs\c & c++\cpp_concepts\reference_variable\debug\reference_variable.write.1.tlog
d:\programs\c & c++\cpp_concepts\reference_variable\debug\reference_variable.exe.embed.manifest
d:\programs\c & c++\cpp_concepts\reference_variable\debug\reference_variable.exe.intermediate.manifest
d:\programs\c & c++\cpp_concepts\reference_variable\debug\reference_variable.exe.embed.manifest.res
d:\programs\c & c++\cpp_concepts\reference_variable\debug\reference_variable.pch
d:\programs\c & c++\cpp_concepts\reference_variable\debug\vc100.idb
d:\programs\c & c++\cpp_concepts\reference_variable\debug\vc100.pdb
d:\programs\c & c++\cpp_concepts\reference_variable\debug\reference_variable_manifest.rc
d:\programs\c & c++\cpp_concepts\debug\reference_variable.pdb
d:\programs\c & c++\cpp_concepts\debug\reference_variable.exe
d:\programs\c & c++\cpp_concepts\debug\reference_variable.ilk
