c:\users\ravindrakumarg\documents\visual studio 2010\projects\testproject\mutablestorage\debug\mutablestorage.pch
c:\users\ravindrakumarg\documents\visual studio 2010\projects\testproject\mutablestorage\debug\stdafx.obj
c:\users\ravindrakumarg\documents\visual studio 2010\projects\testproject\mutablestorage\debug\vc100.pdb
c:\users\ravindrakumarg\documents\visual studio 2010\projects\testproject\mutablestorage\debug\mutablestorage.obj
c:\users\ravindrakumarg\documents\visual studio 2010\projects\testproject\debug\mutablestorage.ilk
c:\users\ravindrakumarg\documents\visual studio 2010\projects\testproject\debug\mutablestorage.exe
c:\users\ravindrakumarg\documents\visual studio 2010\projects\testproject\mutablestorage\debug\mutablestorage.exe.intermediate.manifest
c:\users\ravindrakumarg\documents\visual studio 2010\projects\testproject\debug\mutablestorage.pdb
c:\users\ravindrakumarg\documents\visual studio 2010\projects\testproject\mutablestorage\debug\mutablestorage.exe.embed.manifest
c:\users\ravindrakumarg\documents\visual studio 2010\projects\testproject\mutablestorage\debug\mutablestorage.exe.embed.manifest.res
d:\programs\c & c++\cpp_concepts\mutablestorage\debug\mutablestorage.vcxprojresolveassemblyreference.cache
d:\programs\c & c++\cpp_concepts\mutablestorage\debug\mutablestorage.obj
d:\programs\c & c++\cpp_concepts\mutablestorage\debug\stdafx.obj
d:\programs\c & c++\cpp_concepts\mutablestorage\debug\cl.command.1.tlog
d:\programs\c & c++\cpp_concepts\mutablestorage\debug\cl.read.1.tlog
d:\programs\c & c++\cpp_concepts\mutablestorage\debug\cl.write.1.tlog
d:\programs\c & c++\cpp_concepts\mutablestorage\debug\link-cvtres.read.1.tlog
d:\programs\c & c++\cpp_concepts\mutablestorage\debug\link-cvtres.write.1.tlog
d:\programs\c & c++\cpp_concepts\mutablestorage\debug\link.1516-cvtres.read.1.tlog
d:\programs\c & c++\cpp_concepts\mutablestorage\debug\link.1516-cvtres.write.1.tlog
d:\programs\c & c++\cpp_concepts\mutablestorage\debug\link.1516.read.1.tlog
d:\programs\c & c++\cpp_concepts\mutablestorage\debug\link.1516.write.1.tlog
d:\programs\c & c++\cpp_concepts\mutablestorage\debug\link.3192-cvtres.read.1.tlog
d:\programs\c & c++\cpp_concepts\mutablestorage\debug\link.3192-cvtres.write.1.tlog
d:\programs\c & c++\cpp_concepts\mutablestorage\debug\link.3192.read.1.tlog
d:\programs\c & c++\cpp_concepts\mutablestorage\debug\link.3192.write.1.tlog
d:\programs\c & c++\cpp_concepts\mutablestorage\debug\link.command.1.tlog
d:\programs\c & c++\cpp_concepts\mutablestorage\debug\link.read.1.tlog
d:\programs\c & c++\cpp_concepts\mutablestorage\debug\link.write.1.tlog
d:\programs\c & c++\cpp_concepts\mutablestorage\debug\mt.command.1.tlog
d:\programs\c & c++\cpp_concepts\mutablestorage\debug\mt.read.1.tlog
d:\programs\c & c++\cpp_concepts\mutablestorage\debug\mt.write.1.tlog
d:\programs\c & c++\cpp_concepts\mutablestorage\debug\mutablestorage.write.1.tlog
d:\programs\c & c++\cpp_concepts\mutablestorage\debug\rc.command.1.tlog
d:\programs\c & c++\cpp_concepts\mutablestorage\debug\rc.read.1.tlog
d:\programs\c & c++\cpp_concepts\mutablestorage\debug\rc.write.1.tlog
d:\programs\c & c++\cpp_concepts\mutablestorage\debug\mutablestorage.exe.embed.manifest
d:\programs\c & c++\cpp_concepts\mutablestorage\debug\mutablestorage.exe.intermediate.manifest
d:\programs\c & c++\cpp_concepts\mutablestorage\debug\mutablestorage.exe.embed.manifest.res
d:\programs\c & c++\cpp_concepts\mutablestorage\debug\mutablestorage.pch
d:\programs\c & c++\cpp_concepts\mutablestorage\debug\vc100.idb
d:\programs\c & c++\cpp_concepts\mutablestorage\debug\vc100.pdb
d:\programs\c & c++\cpp_concepts\mutablestorage\debug\mutablestorage_manifest.rc
d:\programs\c & c++\cpp_concepts\debug\mutablestorage.pdb
d:\programs\c & c++\cpp_concepts\debug\mutablestorage.exe
d:\programs\c & c++\cpp_concepts\debug\mutablestorage.ilk
