c:\users\ravindrakumarg\documents\visual studio 2010\projects\filemanagement\filemanagement\x64\release\filemanagement.pch
c:\users\ravindrakumarg\documents\visual studio 2010\projects\filemanagement\filemanagement\x64\release\stdafx.obj
c:\users\ravindrakumarg\documents\visual studio 2010\projects\filemanagement\filemanagement\x64\release\vc100.pdb
c:\users\ravindrakumarg\documents\visual studio 2010\projects\filemanagement\filemanagement\x64\release\filemanagement.obj
c:\users\ravindrakumarg\documents\visual studio 2010\projects\filemanagement\x64\release\filemanagement.exe
c:\users\ravindrakumarg\documents\visual studio 2010\projects\filemanagement\filemanagement\x64\release\filemanagement.exe.intermediate.manifest
c:\users\ravindrakumarg\documents\visual studio 2010\projects\filemanagement\x64\release\filemanagement.pdb
d:\programs\c & c++\cpp_concepts\filemanagement\filemanagement\x64\release\filemanagement.obj
d:\programs\c & c++\cpp_concepts\filemanagement\filemanagement\x64\release\stdafx.obj
d:\programs\c & c++\cpp_concepts\filemanagement\filemanagement\x64\release\cl.command.1.tlog
d:\programs\c & c++\cpp_concepts\filemanagement\filemanagement\x64\release\cl.read.1.tlog
d:\programs\c & c++\cpp_concepts\filemanagement\filemanagement\x64\release\cl.write.1.tlog
d:\programs\c & c++\cpp_concepts\filemanagement\filemanagement\x64\release\filemanagement.write.1.tlog
d:\programs\c & c++\cpp_concepts\filemanagement\filemanagement\x64\release\link.command.1.tlog
d:\programs\c & c++\cpp_concepts\filemanagement\filemanagement\x64\release\link.read.1.tlog
d:\programs\c & c++\cpp_concepts\filemanagement\filemanagement\x64\release\link.write.1.tlog
d:\programs\c & c++\cpp_concepts\filemanagement\filemanagement\x64\release\mt.command.1.tlog
d:\programs\c & c++\cpp_concepts\filemanagement\filemanagement\x64\release\mt.read.1.tlog
d:\programs\c & c++\cpp_concepts\filemanagement\filemanagement\x64\release\mt.write.1.tlog
d:\programs\c & c++\cpp_concepts\filemanagement\filemanagement\x64\release\filemanagement.exe.intermediate.manifest
d:\programs\c & c++\cpp_concepts\filemanagement\filemanagement\x64\release\filemanagement.pch
d:\programs\c & c++\cpp_concepts\filemanagement\filemanagement\x64\release\vc100.pdb
