c:\users\ravindrakumarg\documents\visual studio 2010\projects\testproject\dynamicconstructor\debug\dynamicconstructor.pch
c:\users\ravindrakumarg\documents\visual studio 2010\projects\testproject\dynamicconstructor\debug\stdafx.obj
c:\users\ravindrakumarg\documents\visual studio 2010\projects\testproject\dynamicconstructor\debug\vc100.pdb
c:\users\ravindrakumarg\documents\visual studio 2010\projects\testproject\dynamicconstructor\debug\dynamicconstructor.obj
c:\users\ravindrakumarg\documents\visual studio 2010\projects\testproject\debug\dynamicconstructor.ilk
c:\users\ravindrakumarg\documents\visual studio 2010\projects\testproject\debug\dynamicconstructor.exe
c:\users\ravindrakumarg\documents\visual studio 2010\projects\testproject\dynamicconstructor\debug\dynamicconstructor.exe.intermediate.manifest
c:\users\ravindrakumarg\documents\visual studio 2010\projects\testproject\debug\dynamicconstructor.pdb
c:\users\ravindrakumarg\documents\visual studio 2010\projects\testproject\dynamicconstructor\debug\dynamicconstructor.exe.embed.manifest
c:\users\ravindrakumarg\documents\visual studio 2010\projects\testproject\dynamicconstructor\debug\dynamicconstructor.exe.embed.manifest.res
d:\programs\c & c++\cpp_concepts\dynamicconstructor\debug\dynamicconstructor.vcxprojresolveassemblyreference.cache
d:\programs\c & c++\cpp_concepts\dynamicconstructor\debug\dynamicconstructor.obj
d:\programs\c & c++\cpp_concepts\dynamicconstructor\debug\stdafx.obj
d:\programs\c & c++\cpp_concepts\dynamicconstructor\debug\cl.command.1.tlog
d:\programs\c & c++\cpp_concepts\dynamicconstructor\debug\cl.read.1.tlog
d:\programs\c & c++\cpp_concepts\dynamicconstructor\debug\cl.write.1.tlog
d:\programs\c & c++\cpp_concepts\dynamicconstructor\debug\dynamicconstructor.write.1.tlog
d:\programs\c & c++\cpp_concepts\dynamicconstructor\debug\link-cvtres.read.1.tlog
d:\programs\c & c++\cpp_concepts\dynamicconstructor\debug\link-cvtres.write.1.tlog
d:\programs\c & c++\cpp_concepts\dynamicconstructor\debug\link.3996-cvtres.read.1.tlog
d:\programs\c & c++\cpp_concepts\dynamicconstructor\debug\link.3996-cvtres.write.1.tlog
d:\programs\c & c++\cpp_concepts\dynamicconstructor\debug\link.3996.read.1.tlog
d:\programs\c & c++\cpp_concepts\dynamicconstructor\debug\link.3996.write.1.tlog
d:\programs\c & c++\cpp_concepts\dynamicconstructor\debug\link.command.1.tlog
d:\programs\c & c++\cpp_concepts\dynamicconstructor\debug\link.read.1.tlog
d:\programs\c & c++\cpp_concepts\dynamicconstructor\debug\link.write.1.tlog
d:\programs\c & c++\cpp_concepts\dynamicconstructor\debug\mt.command.1.tlog
d:\programs\c & c++\cpp_concepts\dynamicconstructor\debug\mt.read.1.tlog
d:\programs\c & c++\cpp_concepts\dynamicconstructor\debug\mt.write.1.tlog
d:\programs\c & c++\cpp_concepts\dynamicconstructor\debug\rc.command.1.tlog
d:\programs\c & c++\cpp_concepts\dynamicconstructor\debug\rc.read.1.tlog
d:\programs\c & c++\cpp_concepts\dynamicconstructor\debug\rc.write.1.tlog
d:\programs\c & c++\cpp_concepts\dynamicconstructor\debug\dynamicconstructor.exe.embed.manifest
d:\programs\c & c++\cpp_concepts\dynamicconstructor\debug\dynamicconstructor.exe.intermediate.manifest
d:\programs\c & c++\cpp_concepts\dynamicconstructor\debug\dynamicconstructor.exe.embed.manifest.res
d:\programs\c & c++\cpp_concepts\dynamicconstructor\debug\dynamicconstructor.pch
d:\programs\c & c++\cpp_concepts\dynamicconstructor\debug\vc100.idb
d:\programs\c & c++\cpp_concepts\dynamicconstructor\debug\vc100.pdb
d:\programs\c & c++\cpp_concepts\dynamicconstructor\debug\dynamicconstructor_manifest.rc
d:\programs\c & c++\cpp_concepts\debug\dynamicconstructor.pdb
d:\programs\c & c++\cpp_concepts\debug\dynamicconstructor.exe
d:\programs\c & c++\cpp_concepts\debug\dynamicconstructor.ilk
