c:\users\ravindrakumarg\documents\visual studio 2010\projects\testproject\virtualbaseclassinheritance\debug\virtualbaseclassinheritance.pch
c:\users\ravindrakumarg\documents\visual studio 2010\projects\testproject\virtualbaseclassinheritance\debug\stdafx.obj
c:\users\ravindrakumarg\documents\visual studio 2010\projects\testproject\virtualbaseclassinheritance\debug\vc100.pdb
c:\users\ravindrakumarg\documents\visual studio 2010\projects\testproject\virtualbaseclassinheritance\debug\virtualbaseclassinheritance.obj
c:\users\ravindrakumarg\documents\visual studio 2010\projects\testproject\debug\virtualbaseclassinheritance.ilk
c:\users\ravindrakumarg\documents\visual studio 2010\projects\testproject\debug\virtualbaseclassinheritance.exe
c:\users\ravindrakumarg\documents\visual studio 2010\projects\testproject\virtualbaseclassinheritance\debug\virtualbaseclassinheritance.exe.intermediate.manifest
c:\users\ravindrakumarg\documents\visual studio 2010\projects\testproject\debug\virtualbaseclassinheritance.pdb
c:\users\ravindrakumarg\documents\visual studio 2010\projects\testproject\virtualbaseclassinheritance\debug\virtualbaseclassinheritance.exe.embed.manifest
c:\users\ravindrakumarg\documents\visual studio 2010\projects\testproject\virtualbaseclassinheritance\debug\virtualbaseclassinheritance.exe.embed.manifest.res
d:\programs\c & c++\cpp_concepts\virtualbaseclassinheritance\debug\virtualbaseclassinheritance.vcxprojresolveassemblyreference.cache
d:\programs\c & c++\cpp_concepts\virtualbaseclassinheritance\debug\stdafx.obj
d:\programs\c & c++\cpp_concepts\virtualbaseclassinheritance\debug\virtualbaseclassinheritance.obj
d:\programs\c & c++\cpp_concepts\virtualbaseclassinheritance\debug\cl.command.1.tlog
d:\programs\c & c++\cpp_concepts\virtualbaseclassinheritance\debug\cl.read.1.tlog
d:\programs\c & c++\cpp_concepts\virtualbaseclassinheritance\debug\cl.write.1.tlog
d:\programs\c & c++\cpp_concepts\virtualbaseclassinheritance\debug\link-cvtres.read.1.tlog
d:\programs\c & c++\cpp_concepts\virtualbaseclassinheritance\debug\link-cvtres.write.1.tlog
d:\programs\c & c++\cpp_concepts\virtualbaseclassinheritance\debug\link.3128-cvtres.read.1.tlog
d:\programs\c & c++\cpp_concepts\virtualbaseclassinheritance\debug\link.3128-cvtres.write.1.tlog
d:\programs\c & c++\cpp_concepts\virtualbaseclassinheritance\debug\link.3128.read.1.tlog
d:\programs\c & c++\cpp_concepts\virtualbaseclassinheritance\debug\link.3128.write.1.tlog
d:\programs\c & c++\cpp_concepts\virtualbaseclassinheritance\debug\link.command.1.tlog
d:\programs\c & c++\cpp_concepts\virtualbaseclassinheritance\debug\link.read.1.tlog
d:\programs\c & c++\cpp_concepts\virtualbaseclassinheritance\debug\link.write.1.tlog
d:\programs\c & c++\cpp_concepts\virtualbaseclassinheritance\debug\mt.command.1.tlog
d:\programs\c & c++\cpp_concepts\virtualbaseclassinheritance\debug\mt.read.1.tlog
d:\programs\c & c++\cpp_concepts\virtualbaseclassinheritance\debug\mt.write.1.tlog
d:\programs\c & c++\cpp_concepts\virtualbaseclassinheritance\debug\rc.command.1.tlog
d:\programs\c & c++\cpp_concepts\virtualbaseclassinheritance\debug\rc.read.1.tlog
d:\programs\c & c++\cpp_concepts\virtualbaseclassinheritance\debug\rc.write.1.tlog
d:\programs\c & c++\cpp_concepts\virtualbaseclassinheritance\debug\virtualbaseclassinheritance.write.1.tlog
d:\programs\c & c++\cpp_concepts\virtualbaseclassinheritance\debug\virtualbaseclassinheritance.exe.embed.manifest
d:\programs\c & c++\cpp_concepts\virtualbaseclassinheritance\debug\virtualbaseclassinheritance.exe.intermediate.manifest
d:\programs\c & c++\cpp_concepts\virtualbaseclassinheritance\debug\virtualbaseclassinheritance.exe.embed.manifest.res
d:\programs\c & c++\cpp_concepts\virtualbaseclassinheritance\debug\virtualbaseclassinheritance.pch
d:\programs\c & c++\cpp_concepts\virtualbaseclassinheritance\debug\vc100.idb
d:\programs\c & c++\cpp_concepts\virtualbaseclassinheritance\debug\vc100.pdb
d:\programs\c & c++\cpp_concepts\virtualbaseclassinheritance\debug\virtualbaseclassinheritance_manifest.rc
d:\programs\c & c++\cpp_concepts\debug\virtualbaseclassinheritance.pdb
d:\programs\c & c++\cpp_concepts\debug\virtualbaseclassinheritance.exe
d:\programs\c & c++\cpp_concepts\debug\virtualbaseclassinheritance.ilk
