c:\users\ravindrakumarg\documents\visual studio 2010\projects\testproject\funcpointer\debug\funcpointer.pch
c:\users\ravindrakumarg\documents\visual studio 2010\projects\testproject\funcpointer\debug\stdafx.obj
c:\users\ravindrakumarg\documents\visual studio 2010\projects\testproject\funcpointer\debug\vc100.pdb
c:\users\ravindrakumarg\documents\visual studio 2010\projects\testproject\funcpointer\debug\funcpointer.obj
c:\users\ravindrakumarg\documents\visual studio 2010\projects\testproject\debug\funcpointer.ilk
c:\users\ravindrakumarg\documents\visual studio 2010\projects\testproject\debug\funcpointer.exe
c:\users\ravindrakumarg\documents\visual studio 2010\projects\testproject\funcpointer\debug\funcpointer.exe.intermediate.manifest
c:\users\ravindrakumarg\documents\visual studio 2010\projects\testproject\debug\funcpointer.pdb
c:\users\ravindrakumarg\documents\visual studio 2010\projects\testproject\funcpointer\debug\funcpointer.exe.embed.manifest
c:\users\ravindrakumarg\documents\visual studio 2010\projects\testproject\funcpointer\debug\funcpointer.exe.embed.manifest.res
d:\programs\c & c++\cpp_concepts\funcpointer\debug\funcpointer.vcxprojresolveassemblyreference.cache
d:\programs\c & c++\cpp_concepts\funcpointer\debug\funcpointer.obj
d:\programs\c & c++\cpp_concepts\funcpointer\debug\stdafx.obj
d:\programs\c & c++\cpp_concepts\funcpointer\debug\cl.command.1.tlog
d:\programs\c & c++\cpp_concepts\funcpointer\debug\cl.read.1.tlog
d:\programs\c & c++\cpp_concepts\funcpointer\debug\cl.write.1.tlog
d:\programs\c & c++\cpp_concepts\funcpointer\debug\funcpointer.write.1.tlog
d:\programs\c & c++\cpp_concepts\funcpointer\debug\link-cvtres.read.1.tlog
d:\programs\c & c++\cpp_concepts\funcpointer\debug\link-cvtres.write.1.tlog
d:\programs\c & c++\cpp_concepts\funcpointer\debug\link.1208-cvtres.read.1.tlog
d:\programs\c & c++\cpp_concepts\funcpointer\debug\link.1208-cvtres.write.1.tlog
d:\programs\c & c++\cpp_concepts\funcpointer\debug\link.1208.read.1.tlog
d:\programs\c & c++\cpp_concepts\funcpointer\debug\link.1208.write.1.tlog
d:\programs\c & c++\cpp_concepts\funcpointer\debug\link.700-cvtres.read.1.tlog
d:\programs\c & c++\cpp_concepts\funcpointer\debug\link.700-cvtres.write.1.tlog
d:\programs\c & c++\cpp_concepts\funcpointer\debug\link.700.read.1.tlog
d:\programs\c & c++\cpp_concepts\funcpointer\debug\link.700.write.1.tlog
d:\programs\c & c++\cpp_concepts\funcpointer\debug\link.7668-cvtres.read.1.tlog
d:\programs\c & c++\cpp_concepts\funcpointer\debug\link.7668-cvtres.write.1.tlog
d:\programs\c & c++\cpp_concepts\funcpointer\debug\link.7668.read.1.tlog
d:\programs\c & c++\cpp_concepts\funcpointer\debug\link.7668.write.1.tlog
d:\programs\c & c++\cpp_concepts\funcpointer\debug\link.command.1.tlog
d:\programs\c & c++\cpp_concepts\funcpointer\debug\link.read.1.tlog
d:\programs\c & c++\cpp_concepts\funcpointer\debug\link.write.1.tlog
d:\programs\c & c++\cpp_concepts\funcpointer\debug\mt.command.1.tlog
d:\programs\c & c++\cpp_concepts\funcpointer\debug\mt.read.1.tlog
d:\programs\c & c++\cpp_concepts\funcpointer\debug\mt.write.1.tlog
d:\programs\c & c++\cpp_concepts\funcpointer\debug\rc.command.1.tlog
d:\programs\c & c++\cpp_concepts\funcpointer\debug\rc.read.1.tlog
d:\programs\c & c++\cpp_concepts\funcpointer\debug\rc.write.1.tlog
d:\programs\c & c++\cpp_concepts\funcpointer\debug\funcpointer.exe.embed.manifest
d:\programs\c & c++\cpp_concepts\funcpointer\debug\funcpointer.exe.intermediate.manifest
d:\programs\c & c++\cpp_concepts\funcpointer\debug\funcpointer.exe.embed.manifest.res
d:\programs\c & c++\cpp_concepts\funcpointer\debug\funcpointer.pch
d:\programs\c & c++\cpp_concepts\funcpointer\debug\vc100.idb
d:\programs\c & c++\cpp_concepts\funcpointer\debug\vc100.pdb
d:\programs\c & c++\cpp_concepts\funcpointer\debug\funcpointer_manifest.rc
d:\programs\c & c++\cpp_concepts\debug\funcpointer.pdb
d:\programs\c & c++\cpp_concepts\debug\funcpointer.exe
d:\programs\c & c++\cpp_concepts\debug\funcpointer.ilk
