c:\users\ravindrakumarg\documents\visual studio 2010\projects\testproject\structureclasssize\debug\structureclasssize.pch
c:\users\ravindrakumarg\documents\visual studio 2010\projects\testproject\structureclasssize\debug\stdafx.obj
c:\users\ravindrakumarg\documents\visual studio 2010\projects\testproject\structureclasssize\debug\vc100.pdb
c:\users\ravindrakumarg\documents\visual studio 2010\projects\testproject\structureclasssize\debug\structureclasssize.obj
c:\users\ravindrakumarg\documents\visual studio 2010\projects\testproject\debug\structureclasssize.ilk
c:\users\ravindrakumarg\documents\visual studio 2010\projects\testproject\debug\structureclasssize.exe
c:\users\ravindrakumarg\documents\visual studio 2010\projects\testproject\structureclasssize\debug\structureclasssize.exe.intermediate.manifest
c:\users\ravindrakumarg\documents\visual studio 2010\projects\testproject\debug\structureclasssize.pdb
c:\users\ravindrakumarg\documents\visual studio 2010\projects\testproject\structureclasssize\debug\structureclasssize.exe.embed.manifest
c:\users\ravindrakumarg\documents\visual studio 2010\projects\testproject\structureclasssize\debug\structureclasssize.exe.embed.manifest.res
d:\programs\c & c++\cpp_concepts\structureclasssize\debug\structureclasssize.vcxprojresolveassemblyreference.cache
d:\programs\c & c++\cpp_concepts\structureclasssize\debug\stdafx.obj
d:\programs\c & c++\cpp_concepts\structureclasssize\debug\structureclasssize.obj
d:\programs\c & c++\cpp_concepts\structureclasssize\debug\cl.command.1.tlog
d:\programs\c & c++\cpp_concepts\structureclasssize\debug\cl.read.1.tlog
d:\programs\c & c++\cpp_concepts\structureclasssize\debug\cl.write.1.tlog
d:\programs\c & c++\cpp_concepts\structureclasssize\debug\link-cvtres.read.1.tlog
d:\programs\c & c++\cpp_concepts\structureclasssize\debug\link-cvtres.write.1.tlog
d:\programs\c & c++\cpp_concepts\structureclasssize\debug\link.3176-cvtres.read.1.tlog
d:\programs\c & c++\cpp_concepts\structureclasssize\debug\link.3176-cvtres.write.1.tlog
d:\programs\c & c++\cpp_concepts\structureclasssize\debug\link.3176.read.1.tlog
d:\programs\c & c++\cpp_concepts\structureclasssize\debug\link.3176.write.1.tlog
d:\programs\c & c++\cpp_concepts\structureclasssize\debug\link.5256-cvtres.read.1.tlog
d:\programs\c & c++\cpp_concepts\structureclasssize\debug\link.5256-cvtres.write.1.tlog
d:\programs\c & c++\cpp_concepts\structureclasssize\debug\link.5256.read.1.tlog
d:\programs\c & c++\cpp_concepts\structureclasssize\debug\link.5256.write.1.tlog
d:\programs\c & c++\cpp_concepts\structureclasssize\debug\link.7612-cvtres.read.1.tlog
d:\programs\c & c++\cpp_concepts\structureclasssize\debug\link.7612-cvtres.write.1.tlog
d:\programs\c & c++\cpp_concepts\structureclasssize\debug\link.7612.read.1.tlog
d:\programs\c & c++\cpp_concepts\structureclasssize\debug\link.7612.write.1.tlog
d:\programs\c & c++\cpp_concepts\structureclasssize\debug\link.command.1.tlog
d:\programs\c & c++\cpp_concepts\structureclasssize\debug\link.read.1.tlog
d:\programs\c & c++\cpp_concepts\structureclasssize\debug\link.write.1.tlog
d:\programs\c & c++\cpp_concepts\structureclasssize\debug\mt.command.1.tlog
d:\programs\c & c++\cpp_concepts\structureclasssize\debug\mt.read.1.tlog
d:\programs\c & c++\cpp_concepts\structureclasssize\debug\mt.write.1.tlog
d:\programs\c & c++\cpp_concepts\structureclasssize\debug\rc.command.1.tlog
d:\programs\c & c++\cpp_concepts\structureclasssize\debug\rc.read.1.tlog
d:\programs\c & c++\cpp_concepts\structureclasssize\debug\rc.write.1.tlog
d:\programs\c & c++\cpp_concepts\structureclasssize\debug\structureclasssize.write.1.tlog
d:\programs\c & c++\cpp_concepts\structureclasssize\debug\structureclasssize.exe.embed.manifest
d:\programs\c & c++\cpp_concepts\structureclasssize\debug\structureclasssize.exe.intermediate.manifest
d:\programs\c & c++\cpp_concepts\structureclasssize\debug\structureclasssize.exe.embed.manifest.res
d:\programs\c & c++\cpp_concepts\structureclasssize\debug\structureclasssize.pch
d:\programs\c & c++\cpp_concepts\structureclasssize\debug\vc100.idb
d:\programs\c & c++\cpp_concepts\structureclasssize\debug\vc100.pdb
d:\programs\c & c++\cpp_concepts\structureclasssize\debug\structureclasssize_manifest.rc
d:\programs\c & c++\cpp_concepts\debug\structureclasssize.pdb
d:\programs\c & c++\cpp_concepts\debug\structureclasssize.exe
d:\programs\c & c++\cpp_concepts\debug\structureclasssize.ilk
