c:\users\ravindrakumarg\documents\visual studio 2010\projects\testproject\multi_dimensional_array\debug\multi_dimensional_array.pch
c:\users\ravindrakumarg\documents\visual studio 2010\projects\testproject\multi_dimensional_array\debug\stdafx.obj
c:\users\ravindrakumarg\documents\visual studio 2010\projects\testproject\multi_dimensional_array\debug\vc100.pdb
c:\users\ravindrakumarg\documents\visual studio 2010\projects\testproject\multi_dimensional_array\debug\multi_dimensional_array.obj
c:\users\ravindrakumarg\documents\visual studio 2010\projects\testproject\debug\multi_dimensional_array.ilk
c:\users\ravindrakumarg\documents\visual studio 2010\projects\testproject\debug\multi_dimensional_array.exe
c:\users\ravindrakumarg\documents\visual studio 2010\projects\testproject\multi_dimensional_array\debug\multi_dimensional_array.exe.intermediate.manifest
c:\users\ravindrakumarg\documents\visual studio 2010\projects\testproject\debug\multi_dimensional_array.pdb
c:\users\ravindrakumarg\documents\visual studio 2010\projects\testproject\multi_dimensional_array\debug\multi_dimensional_array.exe.embed.manifest
c:\users\ravindrakumarg\documents\visual studio 2010\projects\testproject\multi_dimensional_array\debug\multi_dimensional_array.exe.embed.manifest.res
d:\programs\c & c++\cpp_concepts\multi_dimensional_array\debug\multi_dimensional_array.vcxprojresolveassemblyreference.cache
d:\programs\c & c++\cpp_concepts\multi_dimensional_array\debug\multi_dimensional_array.obj
d:\programs\c & c++\cpp_concepts\multi_dimensional_array\debug\stdafx.obj
d:\programs\c & c++\cpp_concepts\multi_dimensional_array\debug\cl.command.1.tlog
d:\programs\c & c++\cpp_concepts\multi_dimensional_array\debug\cl.read.1.tlog
d:\programs\c & c++\cpp_concepts\multi_dimensional_array\debug\cl.write.1.tlog
d:\programs\c & c++\cpp_concepts\multi_dimensional_array\debug\link-cvtres.read.1.tlog
d:\programs\c & c++\cpp_concepts\multi_dimensional_array\debug\link-cvtres.write.1.tlog
d:\programs\c & c++\cpp_concepts\multi_dimensional_array\debug\link.7096-cvtres.read.1.tlog
d:\programs\c & c++\cpp_concepts\multi_dimensional_array\debug\link.7096-cvtres.write.1.tlog
d:\programs\c & c++\cpp_concepts\multi_dimensional_array\debug\link.7096.read.1.tlog
d:\programs\c & c++\cpp_concepts\multi_dimensional_array\debug\link.7096.write.1.tlog
d:\programs\c & c++\cpp_concepts\multi_dimensional_array\debug\link.command.1.tlog
d:\programs\c & c++\cpp_concepts\multi_dimensional_array\debug\link.read.1.tlog
d:\programs\c & c++\cpp_concepts\multi_dimensional_array\debug\link.write.1.tlog
d:\programs\c & c++\cpp_concepts\multi_dimensional_array\debug\mt.command.1.tlog
d:\programs\c & c++\cpp_concepts\multi_dimensional_array\debug\mt.read.1.tlog
d:\programs\c & c++\cpp_concepts\multi_dimensional_array\debug\mt.write.1.tlog
d:\programs\c & c++\cpp_concepts\multi_dimensional_array\debug\multi_dimensional_array.write.1.tlog
d:\programs\c & c++\cpp_concepts\multi_dimensional_array\debug\rc.command.1.tlog
d:\programs\c & c++\cpp_concepts\multi_dimensional_array\debug\rc.read.1.tlog
d:\programs\c & c++\cpp_concepts\multi_dimensional_array\debug\rc.write.1.tlog
d:\programs\c & c++\cpp_concepts\multi_dimensional_array\debug\multi_dimensional_array.exe.embed.manifest
d:\programs\c & c++\cpp_concepts\multi_dimensional_array\debug\multi_dimensional_array.exe.intermediate.manifest
d:\programs\c & c++\cpp_concepts\multi_dimensional_array\debug\multi_dimensional_array.exe.embed.manifest.res
d:\programs\c & c++\cpp_concepts\multi_dimensional_array\debug\multi_dimensional_array.pch
d:\programs\c & c++\cpp_concepts\multi_dimensional_array\debug\vc100.idb
d:\programs\c & c++\cpp_concepts\multi_dimensional_array\debug\vc100.pdb
d:\programs\c & c++\cpp_concepts\multi_dimensional_array\debug\multi_dimensional_array_manifest.rc
d:\programs\c & c++\cpp_concepts\debug\multi_dimensional_array.pdb
d:\programs\c & c++\cpp_concepts\debug\multi_dimensional_array.exe
d:\programs\c & c++\cpp_concepts\debug\multi_dimensional_array.ilk
