c:\users\ravindrakumarg\documents\visual studio 2010\projects\testproject\inheritancesample\debug\inheritancesample.pch
c:\users\ravindrakumarg\documents\visual studio 2010\projects\testproject\inheritancesample\debug\stdafx.obj
c:\users\ravindrakumarg\documents\visual studio 2010\projects\testproject\inheritancesample\debug\vc100.pdb
c:\users\ravindrakumarg\documents\visual studio 2010\projects\testproject\inheritancesample\debug\inheritancesample.obj
c:\users\ravindrakumarg\documents\visual studio 2010\projects\testproject\debug\inheritancesample.ilk
c:\users\ravindrakumarg\documents\visual studio 2010\projects\testproject\debug\inheritancesample.exe
c:\users\ravindrakumarg\documents\visual studio 2010\projects\testproject\inheritancesample\debug\inheritancesample.exe.intermediate.manifest
c:\users\ravindrakumarg\documents\visual studio 2010\projects\testproject\debug\inheritancesample.pdb
c:\users\ravindrakumarg\documents\visual studio 2010\projects\testproject\inheritancesample\debug\inheritancesample.exe.embed.manifest
c:\users\ravindrakumarg\documents\visual studio 2010\projects\testproject\inheritancesample\debug\inheritancesample.exe.embed.manifest.res
d:\programs\c & c++\cpp_concepts\inheritancesample\debug\inheritancesample.vcxprojresolveassemblyreference.cache
d:\programs\c & c++\cpp_concepts\inheritancesample\debug\inheritancesample.obj
d:\programs\c & c++\cpp_concepts\inheritancesample\debug\stdafx.obj
d:\programs\c & c++\cpp_concepts\inheritancesample\debug\cl.command.1.tlog
d:\programs\c & c++\cpp_concepts\inheritancesample\debug\cl.read.1.tlog
d:\programs\c & c++\cpp_concepts\inheritancesample\debug\cl.write.1.tlog
d:\programs\c & c++\cpp_concepts\inheritancesample\debug\inheritancesample.write.1.tlog
d:\programs\c & c++\cpp_concepts\inheritancesample\debug\link-cvtres.read.1.tlog
d:\programs\c & c++\cpp_concepts\inheritancesample\debug\link-cvtres.write.1.tlog
d:\programs\c & c++\cpp_concepts\inheritancesample\debug\link.4768-cvtres.read.1.tlog
d:\programs\c & c++\cpp_concepts\inheritancesample\debug\link.4768-cvtres.write.1.tlog
d:\programs\c & c++\cpp_concepts\inheritancesample\debug\link.4768.read.1.tlog
d:\programs\c & c++\cpp_concepts\inheritancesample\debug\link.4768.write.1.tlog
d:\programs\c & c++\cpp_concepts\inheritancesample\debug\link.command.1.tlog
d:\programs\c & c++\cpp_concepts\inheritancesample\debug\link.read.1.tlog
d:\programs\c & c++\cpp_concepts\inheritancesample\debug\link.write.1.tlog
d:\programs\c & c++\cpp_concepts\inheritancesample\debug\mt.command.1.tlog
d:\programs\c & c++\cpp_concepts\inheritancesample\debug\mt.read.1.tlog
d:\programs\c & c++\cpp_concepts\inheritancesample\debug\mt.write.1.tlog
d:\programs\c & c++\cpp_concepts\inheritancesample\debug\rc.command.1.tlog
d:\programs\c & c++\cpp_concepts\inheritancesample\debug\rc.read.1.tlog
d:\programs\c & c++\cpp_concepts\inheritancesample\debug\rc.write.1.tlog
d:\programs\c & c++\cpp_concepts\inheritancesample\debug\inheritancesample.exe.embed.manifest
d:\programs\c & c++\cpp_concepts\inheritancesample\debug\inheritancesample.exe.intermediate.manifest
d:\programs\c & c++\cpp_concepts\inheritancesample\debug\inheritancesample.exe.embed.manifest.res
d:\programs\c & c++\cpp_concepts\inheritancesample\debug\inheritancesample.pch
d:\programs\c & c++\cpp_concepts\inheritancesample\debug\vc100.idb
d:\programs\c & c++\cpp_concepts\inheritancesample\debug\vc100.pdb
d:\programs\c & c++\cpp_concepts\inheritancesample\debug\inheritancesample_manifest.rc
d:\programs\c & c++\cpp_concepts\debug\inheritancesample.pdb
d:\programs\c & c++\cpp_concepts\debug\inheritancesample.exe
d:\programs\c & c++\cpp_concepts\debug\inheritancesample.ilk
