c:\users\ravindrakumarg\documents\visual studio 2010\projects\testproject\deepshollowcopy\debug\deepshollowcopy.pch
c:\users\ravindrakumarg\documents\visual studio 2010\projects\testproject\deepshollowcopy\debug\stdafx.obj
c:\users\ravindrakumarg\documents\visual studio 2010\projects\testproject\deepshollowcopy\debug\vc100.pdb
c:\users\ravindrakumarg\documents\visual studio 2010\projects\testproject\deepshollowcopy\debug\deepshollowcopy.obj
c:\users\ravindrakumarg\documents\visual studio 2010\projects\testproject\debug\deepshollowcopy.ilk
c:\users\ravindrakumarg\documents\visual studio 2010\projects\testproject\debug\deepshollowcopy.exe
c:\users\ravindrakumarg\documents\visual studio 2010\projects\testproject\deepshollowcopy\debug\deepshollowcopy.exe.intermediate.manifest
c:\users\ravindrakumarg\documents\visual studio 2010\projects\testproject\debug\deepshollowcopy.pdb
c:\users\ravindrakumarg\documents\visual studio 2010\projects\testproject\deepshollowcopy\debug\deepshollowcopy.exe.embed.manifest
c:\users\ravindrakumarg\documents\visual studio 2010\projects\testproject\deepshollowcopy\debug\deepshollowcopy.exe.embed.manifest.res
d:\programs\c & c++\cpp_concepts\deepshollowcopy\debug\deepshollowcopy.obj
d:\programs\c & c++\cpp_concepts\deepshollowcopy\debug\stdafx.obj
d:\programs\c & c++\cpp_concepts\deepshollowcopy\debug\cl.command.1.tlog
d:\programs\c & c++\cpp_concepts\deepshollowcopy\debug\cl.read.1.tlog
d:\programs\c & c++\cpp_concepts\deepshollowcopy\debug\cl.write.1.tlog
d:\programs\c & c++\cpp_concepts\deepshollowcopy\debug\deepshollowcopy.write.1.tlog
d:\programs\c & c++\cpp_concepts\deepshollowcopy\debug\link-cvtres.read.1.tlog
d:\programs\c & c++\cpp_concepts\deepshollowcopy\debug\link-cvtres.write.1.tlog
d:\programs\c & c++\cpp_concepts\deepshollowcopy\debug\link.12280-cvtres.read.1.tlog
d:\programs\c & c++\cpp_concepts\deepshollowcopy\debug\link.12280-cvtres.write.1.tlog
d:\programs\c & c++\cpp_concepts\deepshollowcopy\debug\link.12280.read.1.tlog
d:\programs\c & c++\cpp_concepts\deepshollowcopy\debug\link.12280.write.1.tlog
d:\programs\c & c++\cpp_concepts\deepshollowcopy\debug\link.command.1.tlog
d:\programs\c & c++\cpp_concepts\deepshollowcopy\debug\link.read.1.tlog
d:\programs\c & c++\cpp_concepts\deepshollowcopy\debug\link.write.1.tlog
d:\programs\c & c++\cpp_concepts\deepshollowcopy\debug\mt.command.1.tlog
d:\programs\c & c++\cpp_concepts\deepshollowcopy\debug\mt.read.1.tlog
d:\programs\c & c++\cpp_concepts\deepshollowcopy\debug\mt.write.1.tlog
d:\programs\c & c++\cpp_concepts\deepshollowcopy\debug\rc.command.1.tlog
d:\programs\c & c++\cpp_concepts\deepshollowcopy\debug\rc.read.1.tlog
d:\programs\c & c++\cpp_concepts\deepshollowcopy\debug\rc.write.1.tlog
d:\programs\c & c++\cpp_concepts\deepshollowcopy\debug\deepshollowcopy.exe.embed.manifest
d:\programs\c & c++\cpp_concepts\deepshollowcopy\debug\deepshollowcopy.exe.intermediate.manifest
d:\programs\c & c++\cpp_concepts\deepshollowcopy\debug\deepshollowcopy.exe.embed.manifest.res
d:\programs\c & c++\cpp_concepts\deepshollowcopy\debug\deepshollowcopy.pch
d:\programs\c & c++\cpp_concepts\deepshollowcopy\debug\vc100.idb
d:\programs\c & c++\cpp_concepts\deepshollowcopy\debug\vc100.pdb
d:\programs\c & c++\cpp_concepts\deepshollowcopy\debug\deepshollowcopy_manifest.rc
d:\programs\c & c++\cpp_concepts\debug\deepshollowcopy.pdb
d:\programs\c & c++\cpp_concepts\debug\deepshollowcopy.exe
d:\programs\c & c++\cpp_concepts\debug\deepshollowcopy.ilk
