c:\users\ravindrakumarg\documents\visual studio 2010\projects\testproject\virtualmethod\debug\virtualmethod.pch
c:\users\ravindrakumarg\documents\visual studio 2010\projects\testproject\virtualmethod\debug\stdafx.obj
c:\users\ravindrakumarg\documents\visual studio 2010\projects\testproject\virtualmethod\debug\vc100.pdb
c:\users\ravindrakumarg\documents\visual studio 2010\projects\testproject\virtualmethod\debug\virtualmethod.obj
c:\users\ravindrakumarg\documents\visual studio 2010\projects\testproject\debug\virtualmethod.ilk
c:\users\ravindrakumarg\documents\visual studio 2010\projects\testproject\debug\virtualmethod.exe
c:\users\ravindrakumarg\documents\visual studio 2010\projects\testproject\virtualmethod\debug\virtualmethod.exe.intermediate.manifest
c:\users\ravindrakumarg\documents\visual studio 2010\projects\testproject\debug\virtualmethod.pdb
c:\users\ravindrakumarg\documents\visual studio 2010\projects\testproject\virtualmethod\debug\virtualmethod.exe.embed.manifest
c:\users\ravindrakumarg\documents\visual studio 2010\projects\testproject\virtualmethod\debug\virtualmethod.exe.embed.manifest.res
d:\programs\c & c++\cpp_concepts\virtualmethod\debug\virtualmethod.vcxprojresolveassemblyreference.cache
d:\programs\c & c++\cpp_concepts\virtualmethod\debug\stdafx.obj
d:\programs\c & c++\cpp_concepts\virtualmethod\debug\virtualmethod.obj
d:\programs\c & c++\cpp_concepts\virtualmethod\debug\cl.command.1.tlog
d:\programs\c & c++\cpp_concepts\virtualmethod\debug\cl.read.1.tlog
d:\programs\c & c++\cpp_concepts\virtualmethod\debug\cl.write.1.tlog
d:\programs\c & c++\cpp_concepts\virtualmethod\debug\link-cvtres.read.1.tlog
d:\programs\c & c++\cpp_concepts\virtualmethod\debug\link-cvtres.write.1.tlog
d:\programs\c & c++\cpp_concepts\virtualmethod\debug\link.2148-cvtres.read.1.tlog
d:\programs\c & c++\cpp_concepts\virtualmethod\debug\link.2148-cvtres.write.1.tlog
d:\programs\c & c++\cpp_concepts\virtualmethod\debug\link.2148.read.1.tlog
d:\programs\c & c++\cpp_concepts\virtualmethod\debug\link.2148.write.1.tlog
d:\programs\c & c++\cpp_concepts\virtualmethod\debug\link.5216-cvtres.read.1.tlog
d:\programs\c & c++\cpp_concepts\virtualmethod\debug\link.5216-cvtres.write.1.tlog
d:\programs\c & c++\cpp_concepts\virtualmethod\debug\link.5216.read.1.tlog
d:\programs\c & c++\cpp_concepts\virtualmethod\debug\link.5216.write.1.tlog
d:\programs\c & c++\cpp_concepts\virtualmethod\debug\link.5704-cvtres.read.1.tlog
d:\programs\c & c++\cpp_concepts\virtualmethod\debug\link.5704-cvtres.write.1.tlog
d:\programs\c & c++\cpp_concepts\virtualmethod\debug\link.5704.read.1.tlog
d:\programs\c & c++\cpp_concepts\virtualmethod\debug\link.5704.write.1.tlog
d:\programs\c & c++\cpp_concepts\virtualmethod\debug\link.5836-cvtres.read.1.tlog
d:\programs\c & c++\cpp_concepts\virtualmethod\debug\link.5836-cvtres.write.1.tlog
d:\programs\c & c++\cpp_concepts\virtualmethod\debug\link.5836.read.1.tlog
d:\programs\c & c++\cpp_concepts\virtualmethod\debug\link.5836.write.1.tlog
d:\programs\c & c++\cpp_concepts\virtualmethod\debug\link.6556-cvtres.read.1.tlog
d:\programs\c & c++\cpp_concepts\virtualmethod\debug\link.6556-cvtres.write.1.tlog
d:\programs\c & c++\cpp_concepts\virtualmethod\debug\link.6556.read.1.tlog
d:\programs\c & c++\cpp_concepts\virtualmethod\debug\link.6556.write.1.tlog
d:\programs\c & c++\cpp_concepts\virtualmethod\debug\link.command.1.tlog
d:\programs\c & c++\cpp_concepts\virtualmethod\debug\link.read.1.tlog
d:\programs\c & c++\cpp_concepts\virtualmethod\debug\link.write.1.tlog
d:\programs\c & c++\cpp_concepts\virtualmethod\debug\mt.command.1.tlog
d:\programs\c & c++\cpp_concepts\virtualmethod\debug\mt.read.1.tlog
d:\programs\c & c++\cpp_concepts\virtualmethod\debug\mt.write.1.tlog
d:\programs\c & c++\cpp_concepts\virtualmethod\debug\rc.command.1.tlog
d:\programs\c & c++\cpp_concepts\virtualmethod\debug\rc.read.1.tlog
d:\programs\c & c++\cpp_concepts\virtualmethod\debug\rc.write.1.tlog
d:\programs\c & c++\cpp_concepts\virtualmethod\debug\virtualmethod.write.1.tlog
d:\programs\c & c++\cpp_concepts\virtualmethod\debug\virtualmethod.exe.embed.manifest
d:\programs\c & c++\cpp_concepts\virtualmethod\debug\virtualmethod.exe.intermediate.manifest
d:\programs\c & c++\cpp_concepts\virtualmethod\debug\virtualmethod.exe.embed.manifest.res
d:\programs\c & c++\cpp_concepts\virtualmethod\debug\virtualmethod.pch
d:\programs\c & c++\cpp_concepts\virtualmethod\debug\vc100.idb
d:\programs\c & c++\cpp_concepts\virtualmethod\debug\vc100.pdb
d:\programs\c & c++\cpp_concepts\virtualmethod\debug\virtualmethod_manifest.rc
d:\programs\c & c++\cpp_concepts\debug\virtualmethod.pdb
d:\programs\c & c++\cpp_concepts\debug\virtualmethod.exe
d:\programs\c & c++\cpp_concepts\debug\virtualmethod.ilk
