c:\users\ravindrakumarg\documents\visual studio 2010\projects\testproject\fileoperationstream\debug\fileoperationstream.pch
c:\users\ravindrakumarg\documents\visual studio 2010\projects\testproject\fileoperationstream\debug\stdafx.obj
c:\users\ravindrakumarg\documents\visual studio 2010\projects\testproject\fileoperationstream\debug\vc100.pdb
c:\users\ravindrakumarg\documents\visual studio 2010\projects\testproject\fileoperationstream\debug\fileoperationstream.obj
c:\users\ravindrakumarg\documents\visual studio 2010\projects\testproject\debug\fileoperationstream.ilk
c:\users\ravindrakumarg\documents\visual studio 2010\projects\testproject\debug\fileoperationstream.exe
c:\users\ravindrakumarg\documents\visual studio 2010\projects\testproject\fileoperationstream\debug\fileoperationstream.exe.intermediate.manifest
c:\users\ravindrakumarg\documents\visual studio 2010\projects\testproject\debug\fileoperationstream.pdb
c:\users\ravindrakumarg\documents\visual studio 2010\projects\testproject\fileoperationstream\debug\fileoperationstream.exe.embed.manifest
c:\users\ravindrakumarg\documents\visual studio 2010\projects\testproject\fileoperationstream\debug\fileoperationstream.exe.embed.manifest.res
d:\programs\c & c++\cpp_concepts\fileoperationstream\debug\fileoperationstream.obj
d:\programs\c & c++\cpp_concepts\fileoperationstream\debug\stdafx.obj
d:\programs\c & c++\cpp_concepts\fileoperationstream\debug\cl.command.1.tlog
d:\programs\c & c++\cpp_concepts\fileoperationstream\debug\cl.read.1.tlog
d:\programs\c & c++\cpp_concepts\fileoperationstream\debug\cl.write.1.tlog
d:\programs\c & c++\cpp_concepts\fileoperationstream\debug\fileoperationstream.write.1.tlog
d:\programs\c & c++\cpp_concepts\fileoperationstream\debug\link-cvtres.read.1.tlog
d:\programs\c & c++\cpp_concepts\fileoperationstream\debug\link-cvtres.write.1.tlog
d:\programs\c & c++\cpp_concepts\fileoperationstream\debug\link.3404-cvtres.read.1.tlog
d:\programs\c & c++\cpp_concepts\fileoperationstream\debug\link.3404-cvtres.write.1.tlog
d:\programs\c & c++\cpp_concepts\fileoperationstream\debug\link.3404.read.1.tlog
d:\programs\c & c++\cpp_concepts\fileoperationstream\debug\link.3404.write.1.tlog
d:\programs\c & c++\cpp_concepts\fileoperationstream\debug\link.command.1.tlog
d:\programs\c & c++\cpp_concepts\fileoperationstream\debug\link.read.1.tlog
d:\programs\c & c++\cpp_concepts\fileoperationstream\debug\link.write.1.tlog
d:\programs\c & c++\cpp_concepts\fileoperationstream\debug\mt.command.1.tlog
d:\programs\c & c++\cpp_concepts\fileoperationstream\debug\mt.read.1.tlog
d:\programs\c & c++\cpp_concepts\fileoperationstream\debug\mt.write.1.tlog
d:\programs\c & c++\cpp_concepts\fileoperationstream\debug\rc.command.1.tlog
d:\programs\c & c++\cpp_concepts\fileoperationstream\debug\rc.read.1.tlog
d:\programs\c & c++\cpp_concepts\fileoperationstream\debug\rc.write.1.tlog
d:\programs\c & c++\cpp_concepts\fileoperationstream\debug\fileoperationstream.exe.embed.manifest
d:\programs\c & c++\cpp_concepts\fileoperationstream\debug\fileoperationstream.exe.intermediate.manifest
d:\programs\c & c++\cpp_concepts\fileoperationstream\debug\fileoperationstream.exe.embed.manifest.res
d:\programs\c & c++\cpp_concepts\fileoperationstream\debug\fileoperationstream.pch
d:\programs\c & c++\cpp_concepts\fileoperationstream\debug\vc100.idb
d:\programs\c & c++\cpp_concepts\fileoperationstream\debug\vc100.pdb
d:\programs\c & c++\cpp_concepts\fileoperationstream\debug\fileoperationstream_manifest.rc
d:\programs\c & c++\cpp_concepts\debug\fileoperationstream.pdb
d:\programs\c & c++\cpp_concepts\debug\fileoperationstream.exe
d:\programs\c & c++\cpp_concepts\debug\fileoperationstream.ilk
