c:\users\ravindrakumarg\documents\visual studio 2010\projects\testproject\objectpointer\debug\objectpointer.pch
c:\users\ravindrakumarg\documents\visual studio 2010\projects\testproject\objectpointer\debug\stdafx.obj
c:\users\ravindrakumarg\documents\visual studio 2010\projects\testproject\objectpointer\debug\vc100.pdb
c:\users\ravindrakumarg\documents\visual studio 2010\projects\testproject\objectpointer\debug\objectpointer.obj
c:\users\ravindrakumarg\documents\visual studio 2010\projects\testproject\debug\objectpointer.ilk
c:\users\ravindrakumarg\documents\visual studio 2010\projects\testproject\debug\objectpointer.exe
c:\users\ravindrakumarg\documents\visual studio 2010\projects\testproject\objectpointer\debug\objectpointer.exe.intermediate.manifest
c:\users\ravindrakumarg\documents\visual studio 2010\projects\testproject\debug\objectpointer.pdb
c:\users\ravindrakumarg\documents\visual studio 2010\projects\testproject\objectpointer\debug\objectpointer.exe.embed.manifest
c:\users\ravindrakumarg\documents\visual studio 2010\projects\testproject\objectpointer\debug\objectpointer.exe.embed.manifest.res
d:\programs\c & c++\cpp_concepts\objectpointer\debug\objectpointer.vcxprojresolveassemblyreference.cache
d:\programs\c & c++\cpp_concepts\objectpointer\debug\objectpointer.obj
d:\programs\c & c++\cpp_concepts\objectpointer\debug\stdafx.obj
d:\programs\c & c++\cpp_concepts\objectpointer\debug\cl.command.1.tlog
d:\programs\c & c++\cpp_concepts\objectpointer\debug\cl.read.1.tlog
d:\programs\c & c++\cpp_concepts\objectpointer\debug\cl.write.1.tlog
d:\programs\c & c++\cpp_concepts\objectpointer\debug\link-cvtres.read.1.tlog
d:\programs\c & c++\cpp_concepts\objectpointer\debug\link-cvtres.write.1.tlog
d:\programs\c & c++\cpp_concepts\objectpointer\debug\link.2132-cvtres.read.1.tlog
d:\programs\c & c++\cpp_concepts\objectpointer\debug\link.2132-cvtres.write.1.tlog
d:\programs\c & c++\cpp_concepts\objectpointer\debug\link.2132.read.1.tlog
d:\programs\c & c++\cpp_concepts\objectpointer\debug\link.2132.write.1.tlog
d:\programs\c & c++\cpp_concepts\objectpointer\debug\link.command.1.tlog
d:\programs\c & c++\cpp_concepts\objectpointer\debug\link.read.1.tlog
d:\programs\c & c++\cpp_concepts\objectpointer\debug\link.write.1.tlog
d:\programs\c & c++\cpp_concepts\objectpointer\debug\mt.command.1.tlog
d:\programs\c & c++\cpp_concepts\objectpointer\debug\mt.read.1.tlog
d:\programs\c & c++\cpp_concepts\objectpointer\debug\mt.write.1.tlog
d:\programs\c & c++\cpp_concepts\objectpointer\debug\objectpointer.write.1.tlog
d:\programs\c & c++\cpp_concepts\objectpointer\debug\rc.command.1.tlog
d:\programs\c & c++\cpp_concepts\objectpointer\debug\rc.read.1.tlog
d:\programs\c & c++\cpp_concepts\objectpointer\debug\rc.write.1.tlog
d:\programs\c & c++\cpp_concepts\objectpointer\debug\objectpointer.exe.embed.manifest
d:\programs\c & c++\cpp_concepts\objectpointer\debug\objectpointer.exe.intermediate.manifest
d:\programs\c & c++\cpp_concepts\objectpointer\debug\objectpointer.exe.embed.manifest.res
d:\programs\c & c++\cpp_concepts\objectpointer\debug\objectpointer.pch
d:\programs\c & c++\cpp_concepts\objectpointer\debug\vc100.idb
d:\programs\c & c++\cpp_concepts\objectpointer\debug\vc100.pdb
d:\programs\c & c++\cpp_concepts\objectpointer\debug\objectpointer_manifest.rc
d:\programs\c & c++\cpp_concepts\debug\objectpointer.pdb
d:\programs\c & c++\cpp_concepts\debug\objectpointer.exe
d:\programs\c & c++\cpp_concepts\debug\objectpointer.ilk
