C:\USERS\RAVINDRAKUMARG\DOCUMENTS\VISUAL STUDIO 2010\PROJECTS\FRIENDLYFUNCTION\FRIENDLYFUNCTION\X64\DEBUG\FRIENDLYFUNCTION.EXE.EMBED.MANIFEST
C:\USERS\RAVINDRAKUMARG\DOCUMENTS\VISUAL STUDIO 2010\PROJECTS\FRIENDLYFUNCTION\FRIENDLYFUNCTION\X64\DEBUG\FRIENDLYFUNCTION.EXE.EMBED.MANIFEST.RES
C:\USERS\RAVINDRAKUMARG\DOCUMENTS\VISUAL STUDIO 2010\PROJECTS\FRIENDLYFUNCTION\FRIENDLYFUNCTION\X64\DEBUG\FRIENDLYFUNCTION.EXE.INTERMEDIATE.MANIFEST
C:\USERS\RAVINDRAKUMARG\DOCUMENTS\VISUAL STUDIO 2010\PROJECTS\FRIENDLYFUNCTION\FRIENDLYFUNCTION\X64\DEBUG\FRIENDLYFUNCTION.OBJ
C:\USERS\RAVINDRAKUMARG\DOCUMENTS\VISUAL STUDIO 2010\PROJECTS\FRIENDLYFUNCTION\FRIENDLYFUNCTION\X64\DEBUG\FRIENDLYFUNCTION.PCH
C:\USERS\RAVINDRAKUMARG\DOCUMENTS\VISUAL STUDIO 2010\PROJECTS\FRIENDLYFUNCTION\FRIENDLYFUNCTION\X64\DEBUG\STDAFX.OBJ
C:\USERS\RAVINDRAKUMARG\DOCUMENTS\VISUAL STUDIO 2010\PROJECTS\FRIENDLYFUNCTION\FRIENDLYFUNCTION\X64\DEBUG\VC100.PDB
C:\USERS\RAVINDRAKUMARG\DOCUMENTS\VISUAL STUDIO 2010\PROJECTS\TESTPROJECT\X64\DEBUG\FRIENDLYFUNCTION.EXE
C:\USERS\RAVINDRAKUMARG\DOCUMENTS\VISUAL STUDIO 2010\PROJECTS\TESTPROJECT\X64\DEBUG\FRIENDLYFUNCTION.ILK
C:\USERS\RAVINDRAKUMARG\DOCUMENTS\VISUAL STUDIO 2010\PROJECTS\TESTPROJECT\X64\DEBUG\FRIENDLYFUNCTION.PDB
E:\Projects\Visual Studio 2010\Projects\friendlyFunction\friendlyFunction\x64\Debug\cl.command.1.tlog
E:\Projects\Visual Studio 2010\Projects\friendlyFunction\friendlyFunction\x64\Debug\CL.read.1.tlog
E:\Projects\Visual Studio 2010\Projects\friendlyFunction\friendlyFunction\x64\Debug\CL.write.1.tlog
E:\Projects\Visual Studio 2010\Projects\friendlyFunction\friendlyFunction\x64\Debug\friendlyFunction.exe.embed.manifest
E:\PROJECTS\VISUAL STUDIO 2010\PROJECTS\FRIENDLYFUNCTION\FRIENDLYFUNCTION\X64\DEBUG\FRIENDLYFUNCTION.EXE.EMBED.MANIFEST.RES
E:\PROJECTS\VISUAL STUDIO 2010\PROJECTS\FRIENDLYFUNCTION\FRIENDLYFUNCTION\X64\DEBUG\FRIENDLYFUNCTION.EXE.INTERMEDIATE.MANIFEST
E:\PROJECTS\VISUAL STUDIO 2010\PROJECTS\FRIENDLYFUNCTION\FRIENDLYFUNCTION\X64\DEBUG\FRIENDLYFUNCTION.OBJ
E:\PROJECTS\VISUAL STUDIO 2010\PROJECTS\FRIENDLYFUNCTION\FRIENDLYFUNCTION\X64\DEBUG\FRIENDLYFUNCTION.PCH
E:\Projects\Visual Studio 2010\Projects\friendlyFunction\friendlyFunction\x64\Debug\friendlyFunction.write.1.tlog
E:\Projects\Visual Studio 2010\Projects\friendlyFunction\friendlyFunction\x64\Debug\friendlyFunction_manifest.rc
E:\Projects\Visual Studio 2010\Projects\friendlyFunction\friendlyFunction\x64\Debug\link.5316.read.1.tlog
E:\Projects\Visual Studio 2010\Projects\friendlyFunction\friendlyFunction\x64\Debug\link.5316.write.1.tlog
E:\Projects\Visual Studio 2010\Projects\friendlyFunction\friendlyFunction\x64\Debug\link.5316-cvtres.read.1.tlog
E:\Projects\Visual Studio 2010\Projects\friendlyFunction\friendlyFunction\x64\Debug\link.5316-cvtres.write.1.tlog
E:\Projects\Visual Studio 2010\Projects\friendlyFunction\friendlyFunction\x64\Debug\link.7672.read.1.tlog
E:\Projects\Visual Studio 2010\Projects\friendlyFunction\friendlyFunction\x64\Debug\link.7672.write.1.tlog
E:\Projects\Visual Studio 2010\Projects\friendlyFunction\friendlyFunction\x64\Debug\link.7672-cvtres.read.1.tlog
E:\Projects\Visual Studio 2010\Projects\friendlyFunction\friendlyFunction\x64\Debug\link.7672-cvtres.write.1.tlog
E:\Projects\Visual Studio 2010\Projects\friendlyFunction\friendlyFunction\x64\Debug\link.command.1.tlog
E:\Projects\Visual Studio 2010\Projects\friendlyFunction\friendlyFunction\x64\Debug\link.read.1.tlog
E:\Projects\Visual Studio 2010\Projects\friendlyFunction\friendlyFunction\x64\Debug\link.write.1.tlog
E:\Projects\Visual Studio 2010\Projects\friendlyFunction\friendlyFunction\x64\Debug\link-cvtres.read.1.tlog
E:\Projects\Visual Studio 2010\Projects\friendlyFunction\friendlyFunction\x64\Debug\link-cvtres.write.1.tlog
E:\Projects\Visual Studio 2010\Projects\friendlyFunction\friendlyFunction\x64\Debug\mt.command.1.tlog
E:\Projects\Visual Studio 2010\Projects\friendlyFunction\friendlyFunction\x64\Debug\mt.read.1.tlog
E:\Projects\Visual Studio 2010\Projects\friendlyFunction\friendlyFunction\x64\Debug\mt.write.1.tlog
E:\Projects\Visual Studio 2010\Projects\friendlyFunction\friendlyFunction\x64\Debug\rc.command.1.tlog
E:\Projects\Visual Studio 2010\Projects\friendlyFunction\friendlyFunction\x64\Debug\rc.read.1.tlog
E:\Projects\Visual Studio 2010\Projects\friendlyFunction\friendlyFunction\x64\Debug\rc.write.1.tlog
E:\PROJECTS\VISUAL STUDIO 2010\PROJECTS\FRIENDLYFUNCTION\FRIENDLYFUNCTION\X64\DEBUG\STDAFX.OBJ
E:\Projects\Visual Studio 2010\Projects\friendlyFunction\friendlyFunction\x64\Debug\vc100.idb
E:\PROJECTS\VISUAL STUDIO 2010\PROJECTS\FRIENDLYFUNCTION\FRIENDLYFUNCTION\X64\DEBUG\VC100.PDB
E:\PROJECTS\VISUAL STUDIO 2010\PROJECTS\TESTPROJECT\X64\DEBUG\FRIENDLYFUNCTION.EXE
E:\PROJECTS\VISUAL STUDIO 2010\PROJECTS\TESTPROJECT\X64\DEBUG\FRIENDLYFUNCTION.ILK
E:\PROJECTS\VISUAL STUDIO 2010\PROJECTS\TESTPROJECT\X64\DEBUG\FRIENDLYFUNCTION.PDB
