c:\users\ravingupta\documents\projects\projects_c++\cpp_functionality\constmember\debug\constmember.pch
c:\users\ravingupta\documents\projects\projects_c++\cpp_functionality\constmember\debug\vc140.pdb
c:\users\ravingupta\documents\projects\projects_c++\cpp_functionality\constmember\debug\vc140.idb
c:\users\ravingupta\documents\projects\projects_c++\cpp_functionality\constmember\debug\stdafx.obj
c:\users\ravingupta\documents\projects\projects_c++\cpp_functionality\constmember\debug\constmember.obj
c:\users\ravingupta\documents\projects\projects_c++\cpp_functionality\debug\constmember.ilk
c:\users\ravingupta\documents\projects\projects_c++\cpp_functionality\debug\constmember.exe
c:\users\ravingupta\documents\projects\projects_c++\cpp_functionality\debug\constmember.pdb
d:\programs\c & c++\cpp_concepts\constmember\debug\constmember.obj
d:\programs\c & c++\cpp_concepts\constmember\debug\stdafx.obj
d:\programs\c & c++\cpp_concepts\constmember\debug\constmember.pch
d:\programs\c & c++\cpp_concepts\constmember\debug\vc140.idb
d:\programs\c & c++\cpp_concepts\constmember\debug\vc140.pdb
d:\programs\c & c++\cpp_concepts\debug\constmember.pdb
d:\programs\c & c++\cpp_concepts\debug\constmember.exe
d:\programs\c & c++\cpp_concepts\debug\constmember.ilk
d:\programs\c & c++\cpp_concepts\constmember\debug\constmember.tlog\cl.command.1.tlog
d:\programs\c & c++\cpp_concepts\constmember\debug\constmember.tlog\cl.read.1.tlog
d:\programs\c & c++\cpp_concepts\constmember\debug\constmember.tlog\cl.write.1.tlog
d:\programs\c & c++\cpp_concepts\constmember\debug\constmember.tlog\link.command.1.tlog
d:\programs\c & c++\cpp_concepts\constmember\debug\constmember.tlog\link.read.1.tlog
d:\programs\c & c++\cpp_concepts\constmember\debug\constmember.tlog\link.write.1.tlog
