c:\users\ravindrakumarg\documents\visual studio 2010\projects\testproject\setprogram\debug\setprogram.pch
c:\users\ravindrakumarg\documents\visual studio 2010\projects\testproject\setprogram\debug\stdafx.obj
c:\users\ravindrakumarg\documents\visual studio 2010\projects\testproject\setprogram\debug\vc100.pdb
c:\users\ravindrakumarg\documents\visual studio 2010\projects\testproject\setprogram\debug\setprogram.obj
c:\users\ravindrakumarg\documents\visual studio 2010\projects\testproject\debug\setprogram.ilk
c:\users\ravindrakumarg\documents\visual studio 2010\projects\testproject\debug\setprogram.exe
c:\users\ravindrakumarg\documents\visual studio 2010\projects\testproject\setprogram\debug\setprogram.exe.intermediate.manifest
c:\users\ravindrakumarg\documents\visual studio 2010\projects\testproject\debug\setprogram.pdb
c:\users\ravindrakumarg\documents\visual studio 2010\projects\testproject\setprogram\debug\setprogram.exe.embed.manifest
c:\users\ravindrakumarg\documents\visual studio 2010\projects\testproject\setprogram\debug\setprogram.exe.embed.manifest.res
d:\programs\c & c++\cpp_concepts\setprogram\debug\setprogram.vcxprojresolveassemblyreference.cache
d:\programs\c & c++\cpp_concepts\setprogram\debug\setprogram.obj
d:\programs\c & c++\cpp_concepts\setprogram\debug\stdafx.obj
d:\programs\c & c++\cpp_concepts\setprogram\debug\cl.command.1.tlog
d:\programs\c & c++\cpp_concepts\setprogram\debug\cl.read.1.tlog
d:\programs\c & c++\cpp_concepts\setprogram\debug\cl.write.1.tlog
d:\programs\c & c++\cpp_concepts\setprogram\debug\link-cvtres.read.1.tlog
d:\programs\c & c++\cpp_concepts\setprogram\debug\link-cvtres.write.1.tlog
d:\programs\c & c++\cpp_concepts\setprogram\debug\link.6080-cvtres.read.1.tlog
d:\programs\c & c++\cpp_concepts\setprogram\debug\link.6080-cvtres.write.1.tlog
d:\programs\c & c++\cpp_concepts\setprogram\debug\link.6080.read.1.tlog
d:\programs\c & c++\cpp_concepts\setprogram\debug\link.6080.write.1.tlog
d:\programs\c & c++\cpp_concepts\setprogram\debug\link.9556-cvtres.read.1.tlog
d:\programs\c & c++\cpp_concepts\setprogram\debug\link.9556-cvtres.write.1.tlog
d:\programs\c & c++\cpp_concepts\setprogram\debug\link.9556.read.1.tlog
d:\programs\c & c++\cpp_concepts\setprogram\debug\link.9556.write.1.tlog
d:\programs\c & c++\cpp_concepts\setprogram\debug\link.command.1.tlog
d:\programs\c & c++\cpp_concepts\setprogram\debug\link.read.1.tlog
d:\programs\c & c++\cpp_concepts\setprogram\debug\link.write.1.tlog
d:\programs\c & c++\cpp_concepts\setprogram\debug\mt.command.1.tlog
d:\programs\c & c++\cpp_concepts\setprogram\debug\mt.read.1.tlog
d:\programs\c & c++\cpp_concepts\setprogram\debug\mt.write.1.tlog
d:\programs\c & c++\cpp_concepts\setprogram\debug\rc.command.1.tlog
d:\programs\c & c++\cpp_concepts\setprogram\debug\rc.read.1.tlog
d:\programs\c & c++\cpp_concepts\setprogram\debug\rc.write.1.tlog
d:\programs\c & c++\cpp_concepts\setprogram\debug\setprogram.write.1.tlog
d:\programs\c & c++\cpp_concepts\setprogram\debug\setprogram.exe.embed.manifest
d:\programs\c & c++\cpp_concepts\setprogram\debug\setprogram.exe.intermediate.manifest
d:\programs\c & c++\cpp_concepts\setprogram\debug\setprogram.exe.embed.manifest.res
d:\programs\c & c++\cpp_concepts\setprogram\debug\setprogram.pch
d:\programs\c & c++\cpp_concepts\setprogram\debug\vc100.idb
d:\programs\c & c++\cpp_concepts\setprogram\debug\vc100.pdb
d:\programs\c & c++\cpp_concepts\setprogram\debug\setprogram_manifest.rc
d:\programs\c & c++\cpp_concepts\debug\setprogram.pdb
d:\programs\c & c++\cpp_concepts\debug\setprogram.exe
d:\programs\c & c++\cpp_concepts\debug\setprogram.ilk
