c:\users\ravindrakumarg\documents\visual studio 2010\projects\testproject\hybridinheritance\debug\hybridinheritance.pch
c:\users\ravindrakumarg\documents\visual studio 2010\projects\testproject\hybridinheritance\debug\stdafx.obj
c:\users\ravindrakumarg\documents\visual studio 2010\projects\testproject\hybridinheritance\debug\vc100.pdb
c:\users\ravindrakumarg\documents\visual studio 2010\projects\testproject\hybridinheritance\debug\hybridinheritance.obj
c:\users\ravindrakumarg\documents\visual studio 2010\projects\testproject\debug\hybridinheritance.ilk
c:\users\ravindrakumarg\documents\visual studio 2010\projects\testproject\debug\hybridinheritance.exe
c:\users\ravindrakumarg\documents\visual studio 2010\projects\testproject\hybridinheritance\debug\hybridinheritance.exe.intermediate.manifest
c:\users\ravindrakumarg\documents\visual studio 2010\projects\testproject\debug\hybridinheritance.pdb
c:\users\ravindrakumarg\documents\visual studio 2010\projects\testproject\hybridinheritance\debug\hybridinheritance.exe.embed.manifest
c:\users\ravindrakumarg\documents\visual studio 2010\projects\testproject\hybridinheritance\debug\hybridinheritance.exe.embed.manifest.res
d:\programs\c & c++\cpp_concepts\hybridinheritance\debug\hybridinheritance.vcxprojresolveassemblyreference.cache
d:\programs\c & c++\cpp_concepts\hybridinheritance\debug\hybridinheritance.obj
d:\programs\c & c++\cpp_concepts\hybridinheritance\debug\stdafx.obj
d:\programs\c & c++\cpp_concepts\hybridinheritance\debug\cl.command.1.tlog
d:\programs\c & c++\cpp_concepts\hybridinheritance\debug\cl.read.1.tlog
d:\programs\c & c++\cpp_concepts\hybridinheritance\debug\cl.write.1.tlog
d:\programs\c & c++\cpp_concepts\hybridinheritance\debug\hybridinheritance.write.1.tlog
d:\programs\c & c++\cpp_concepts\hybridinheritance\debug\link-cvtres.read.1.tlog
d:\programs\c & c++\cpp_concepts\hybridinheritance\debug\link-cvtres.write.1.tlog
d:\programs\c & c++\cpp_concepts\hybridinheritance\debug\link.5060-cvtres.read.1.tlog
d:\programs\c & c++\cpp_concepts\hybridinheritance\debug\link.5060-cvtres.write.1.tlog
d:\programs\c & c++\cpp_concepts\hybridinheritance\debug\link.5060.read.1.tlog
d:\programs\c & c++\cpp_concepts\hybridinheritance\debug\link.5060.write.1.tlog
d:\programs\c & c++\cpp_concepts\hybridinheritance\debug\link.command.1.tlog
d:\programs\c & c++\cpp_concepts\hybridinheritance\debug\link.read.1.tlog
d:\programs\c & c++\cpp_concepts\hybridinheritance\debug\link.write.1.tlog
d:\programs\c & c++\cpp_concepts\hybridinheritance\debug\mt.command.1.tlog
d:\programs\c & c++\cpp_concepts\hybridinheritance\debug\mt.read.1.tlog
d:\programs\c & c++\cpp_concepts\hybridinheritance\debug\mt.write.1.tlog
d:\programs\c & c++\cpp_concepts\hybridinheritance\debug\rc.command.1.tlog
d:\programs\c & c++\cpp_concepts\hybridinheritance\debug\rc.read.1.tlog
d:\programs\c & c++\cpp_concepts\hybridinheritance\debug\rc.write.1.tlog
d:\programs\c & c++\cpp_concepts\hybridinheritance\debug\hybridinheritance.exe.embed.manifest
d:\programs\c & c++\cpp_concepts\hybridinheritance\debug\hybridinheritance.exe.intermediate.manifest
d:\programs\c & c++\cpp_concepts\hybridinheritance\debug\hybridinheritance.exe.embed.manifest.res
d:\programs\c & c++\cpp_concepts\hybridinheritance\debug\hybridinheritance.pch
d:\programs\c & c++\cpp_concepts\hybridinheritance\debug\vc100.idb
d:\programs\c & c++\cpp_concepts\hybridinheritance\debug\vc100.pdb
d:\programs\c & c++\cpp_concepts\hybridinheritance\debug\hybridinheritance_manifest.rc
d:\programs\c & c++\cpp_concepts\debug\hybridinheritance.pdb
d:\programs\c & c++\cpp_concepts\debug\hybridinheritance.exe
d:\programs\c & c++\cpp_concepts\debug\hybridinheritance.ilk
