c:\users\ravindrakumarg\documents\visual studio 2010\projects\testproject\thispointer\debug\thispointer.pch
c:\users\ravindrakumarg\documents\visual studio 2010\projects\testproject\thispointer\debug\stdafx.obj
c:\users\ravindrakumarg\documents\visual studio 2010\projects\testproject\thispointer\debug\vc100.pdb
c:\users\ravindrakumarg\documents\visual studio 2010\projects\testproject\thispointer\debug\thispointer.obj
c:\users\ravindrakumarg\documents\visual studio 2010\projects\testproject\debug\thispointer.ilk
c:\users\ravindrakumarg\documents\visual studio 2010\projects\testproject\debug\thispointer.exe
c:\users\ravindrakumarg\documents\visual studio 2010\projects\testproject\thispointer\debug\thispointer.exe.intermediate.manifest
c:\users\ravindrakumarg\documents\visual studio 2010\projects\testproject\debug\thispointer.pdb
c:\users\ravindrakumarg\documents\visual studio 2010\projects\testproject\thispointer\debug\thispointer.exe.embed.manifest
c:\users\ravindrakumarg\documents\visual studio 2010\projects\testproject\thispointer\debug\thispointer.exe.embed.manifest.res
d:\programs\c & c++\cpp_functionality\thispointer\debug\thispointer.pch
d:\programs\c & c++\cpp_functionality\thispointer\debug\vc141.pdb
d:\programs\c & c++\cpp_functionality\thispointer\debug\vc141.idb
d:\programs\c & c++\cpp_functionality\thispointer\debug\stdafx.obj
d:\programs\c & c++\cpp_functionality\thispointer\debug\thispointer.obj
d:\programs\c & c++\cpp_functionality\debug\thispointer.ilk
d:\programs\c & c++\cpp_functionality\debug\thispointer.exe
d:\programs\c & c++\cpp_functionality\debug\thispointer.pdb
d:\programs\c & c++\cpp_concepts\thispointer\debug\thispointer.vcxprojresolveassemblyreference.cache
d:\programs\c & c++\cpp_concepts\thispointer\debug\stdafx.obj
d:\programs\c & c++\cpp_concepts\thispointer\debug\thispointer.obj
d:\programs\c & c++\cpp_concepts\thispointer\debug\cl.command.1.tlog
d:\programs\c & c++\cpp_concepts\thispointer\debug\cl.read.1.tlog
d:\programs\c & c++\cpp_concepts\thispointer\debug\cl.write.1.tlog
d:\programs\c & c++\cpp_concepts\thispointer\debug\link-cvtres.read.1.tlog
d:\programs\c & c++\cpp_concepts\thispointer\debug\link-cvtres.write.1.tlog
d:\programs\c & c++\cpp_concepts\thispointer\debug\link.17732-cvtres.read.1.tlog
d:\programs\c & c++\cpp_concepts\thispointer\debug\link.17732-cvtres.write.1.tlog
d:\programs\c & c++\cpp_concepts\thispointer\debug\link.17732.read.1.tlog
d:\programs\c & c++\cpp_concepts\thispointer\debug\link.17732.write.1.tlog
d:\programs\c & c++\cpp_concepts\thispointer\debug\link.7856-cvtres.read.1.tlog
d:\programs\c & c++\cpp_concepts\thispointer\debug\link.7856-cvtres.write.1.tlog
d:\programs\c & c++\cpp_concepts\thispointer\debug\link.7856.read.1.tlog
d:\programs\c & c++\cpp_concepts\thispointer\debug\link.7856.write.1.tlog
d:\programs\c & c++\cpp_concepts\thispointer\debug\link.command.1.tlog
d:\programs\c & c++\cpp_concepts\thispointer\debug\link.read.1.tlog
d:\programs\c & c++\cpp_concepts\thispointer\debug\link.write.1.tlog
d:\programs\c & c++\cpp_concepts\thispointer\debug\mt.command.1.tlog
d:\programs\c & c++\cpp_concepts\thispointer\debug\mt.read.1.tlog
d:\programs\c & c++\cpp_concepts\thispointer\debug\mt.write.1.tlog
d:\programs\c & c++\cpp_concepts\thispointer\debug\rc.command.1.tlog
d:\programs\c & c++\cpp_concepts\thispointer\debug\rc.read.1.tlog
d:\programs\c & c++\cpp_concepts\thispointer\debug\rc.write.1.tlog
d:\programs\c & c++\cpp_concepts\thispointer\debug\thispointer.write.1.tlog
d:\programs\c & c++\cpp_concepts\thispointer\debug\thispointer.exe.embed.manifest
d:\programs\c & c++\cpp_concepts\thispointer\debug\thispointer.exe.intermediate.manifest
d:\programs\c & c++\cpp_concepts\thispointer\debug\thispointer.exe.embed.manifest.res
d:\programs\c & c++\cpp_concepts\thispointer\debug\thispointer.pch
d:\programs\c & c++\cpp_concepts\thispointer\debug\vc100.idb
d:\programs\c & c++\cpp_concepts\thispointer\debug\vc141.idb
d:\programs\c & c++\cpp_concepts\thispointer\debug\vc100.pdb
d:\programs\c & c++\cpp_concepts\thispointer\debug\vc141.pdb
d:\programs\c & c++\cpp_concepts\thispointer\debug\thispointer_manifest.rc
d:\programs\c & c++\cpp_concepts\debug\thispointer.pdb
d:\programs\c & c++\cpp_concepts\debug\thispointer.exe
d:\programs\c & c++\cpp_concepts\debug\thispointer.ilk
d:\programs\c & c++\cpp_concepts\thispointer\debug\thispointer.tlog\cl.command.1.tlog
d:\programs\c & c++\cpp_concepts\thispointer\debug\thispointer.tlog\cl.read.1.tlog
d:\programs\c & c++\cpp_concepts\thispointer\debug\thispointer.tlog\cl.write.1.tlog
d:\programs\c & c++\cpp_concepts\thispointer\debug\thispointer.tlog\link.command.1.tlog
d:\programs\c & c++\cpp_concepts\thispointer\debug\thispointer.tlog\link.delete.1.tlog
d:\programs\c & c++\cpp_concepts\thispointer\debug\thispointer.tlog\link.read.1.tlog
d:\programs\c & c++\cpp_concepts\thispointer\debug\thispointer.tlog\link.write.1.tlog
