c:\users\ravindrakumarg\documents\visual studio 2010\projects\testproject\basedrived\debug\basedrived.pch
c:\users\ravindrakumarg\documents\visual studio 2010\projects\testproject\basedrived\debug\stdafx.obj
c:\users\ravindrakumarg\documents\visual studio 2010\projects\testproject\basedrived\debug\vc100.pdb
c:\users\ravindrakumarg\documents\visual studio 2010\projects\testproject\basedrived\debug\basedrived.obj
c:\users\ravindrakumarg\documents\visual studio 2010\projects\testproject\debug\basedrived.ilk
c:\users\ravindrakumarg\documents\visual studio 2010\projects\testproject\debug\basedrived.exe
c:\users\ravindrakumarg\documents\visual studio 2010\projects\testproject\basedrived\debug\basedrived.exe.intermediate.manifest
c:\users\ravindrakumarg\documents\visual studio 2010\projects\testproject\debug\basedrived.pdb
c:\users\ravindrakumarg\documents\visual studio 2010\projects\testproject\basedrived\debug\basedrived.exe.embed.manifest
c:\users\ravindrakumarg\documents\visual studio 2010\projects\testproject\basedrived\debug\basedrived.exe.embed.manifest.res
d:\programs\c & c++\cpp_concepts\basedrived\debug\basedrived.vcxprojresolveassemblyreference.cache
d:\programs\c & c++\cpp_concepts\basedrived\debug\basedrived.obj
d:\programs\c & c++\cpp_concepts\basedrived\debug\stdafx.obj
d:\programs\c & c++\cpp_concepts\basedrived\debug\basedrived.write.1.tlog
d:\programs\c & c++\cpp_concepts\basedrived\debug\cl.command.1.tlog
d:\programs\c & c++\cpp_concepts\basedrived\debug\cl.read.1.tlog
d:\programs\c & c++\cpp_concepts\basedrived\debug\cl.write.1.tlog
d:\programs\c & c++\cpp_concepts\basedrived\debug\link-cvtres.read.1.tlog
d:\programs\c & c++\cpp_concepts\basedrived\debug\link-cvtres.write.1.tlog
d:\programs\c & c++\cpp_concepts\basedrived\debug\link.7832-cvtres.read.1.tlog
d:\programs\c & c++\cpp_concepts\basedrived\debug\link.7832-cvtres.write.1.tlog
d:\programs\c & c++\cpp_concepts\basedrived\debug\link.7832.read.1.tlog
d:\programs\c & c++\cpp_concepts\basedrived\debug\link.7832.write.1.tlog
d:\programs\c & c++\cpp_concepts\basedrived\debug\link.command.1.tlog
d:\programs\c & c++\cpp_concepts\basedrived\debug\link.read.1.tlog
d:\programs\c & c++\cpp_concepts\basedrived\debug\link.write.1.tlog
d:\programs\c & c++\cpp_concepts\basedrived\debug\mt.command.1.tlog
d:\programs\c & c++\cpp_concepts\basedrived\debug\mt.read.1.tlog
d:\programs\c & c++\cpp_concepts\basedrived\debug\mt.write.1.tlog
d:\programs\c & c++\cpp_concepts\basedrived\debug\rc.command.1.tlog
d:\programs\c & c++\cpp_concepts\basedrived\debug\rc.read.1.tlog
d:\programs\c & c++\cpp_concepts\basedrived\debug\rc.write.1.tlog
d:\programs\c & c++\cpp_concepts\basedrived\debug\basedrived.exe.embed.manifest
d:\programs\c & c++\cpp_concepts\basedrived\debug\basedrived.exe.intermediate.manifest
d:\programs\c & c++\cpp_concepts\basedrived\debug\basedrived.exe.embed.manifest.res
d:\programs\c & c++\cpp_concepts\basedrived\debug\basedrived.pch
d:\programs\c & c++\cpp_concepts\basedrived\debug\vc100.idb
d:\programs\c & c++\cpp_concepts\basedrived\debug\vc100.pdb
d:\programs\c & c++\cpp_concepts\basedrived\debug\basedrived_manifest.rc
d:\programs\c & c++\cpp_concepts\debug\basedrived.pdb
d:\programs\c & c++\cpp_concepts\debug\basedrived.exe
d:\programs\c & c++\cpp_concepts\debug\basedrived.ilk
