c:\users\ravindrakumarg\documents\visual studio 2010\projects\systemproj\smartpointer\debug\smartpointer.pch
c:\users\ravindrakumarg\documents\visual studio 2010\projects\systemproj\smartpointer\debug\stdafx.obj
c:\users\ravindrakumarg\documents\visual studio 2010\projects\systemproj\smartpointer\debug\vc100.pdb
c:\users\ravindrakumarg\documents\visual studio 2010\projects\systemproj\smartpointer\debug\smartpointer.obj
c:\users\ravindrakumarg\documents\visual studio 2010\projects\systemproj\smartpointer\debug\main.obj
c:\users\ravindrakumarg\documents\visual studio 2010\projects\systemproj\debug\smartpointer.ilk
c:\users\ravindrakumarg\documents\visual studio 2010\projects\systemproj\debug\smartpointer.exe
c:\users\ravindrakumarg\documents\visual studio 2010\projects\systemproj\smartpointer\debug\smartpointer.exe.intermediate.manifest
c:\users\ravindrakumarg\documents\visual studio 2010\projects\systemproj\debug\smartpointer.pdb
c:\users\ravindrakumarg\documents\visual studio 2010\projects\systemproj\smartpointer\debug\smartpointer.exe.embed.manifest
c:\users\ravindrakumarg\documents\visual studio 2010\projects\systemproj\smartpointer\debug\smartpointer.exe.embed.manifest.res
c:\users\ravingupta\documents\projects\projects_c++\cpp_functionality\smartpointer\debug\smartpointer.pch
c:\users\ravingupta\documents\projects\projects_c++\cpp_functionality\smartpointer\debug\vc140.pdb
c:\users\ravingupta\documents\projects\projects_c++\cpp_functionality\smartpointer\debug\vc140.idb
c:\users\ravingupta\documents\projects\projects_c++\cpp_functionality\smartpointer\debug\stdafx.obj
c:\users\ravingupta\documents\projects\projects_c++\cpp_functionality\smartpointer\debug\main.obj
c:\users\ravingupta\documents\projects\projects_c++\cpp_functionality\debug\smartpointer.ilk
c:\users\ravingupta\documents\projects\projects_c++\cpp_functionality\debug\smartpointer.exe
c:\users\ravingupta\documents\projects\projects_c++\cpp_functionality\debug\smartpointer.pdb
d:\programs\c & c++\cpp_concepts\smartpointer\debug\smartpointer.vcxprojresolveassemblyreference.cache
d:\programs\c & c++\cpp_concepts\smartpointer\debug\main.obj
d:\programs\c & c++\cpp_concepts\smartpointer\debug\smartpointer.obj
d:\programs\c & c++\cpp_concepts\smartpointer\debug\stdafx.obj
d:\programs\c & c++\cpp_concepts\smartpointer\debug\cl.command.1.tlog
d:\programs\c & c++\cpp_concepts\smartpointer\debug\cl.read.1.tlog
d:\programs\c & c++\cpp_concepts\smartpointer\debug\cl.write.1.tlog
d:\programs\c & c++\cpp_concepts\smartpointer\debug\link-cvtres.read.1.tlog
d:\programs\c & c++\cpp_concepts\smartpointer\debug\link-cvtres.write.1.tlog
d:\programs\c & c++\cpp_concepts\smartpointer\debug\link.10460-cvtres.read.1.tlog
d:\programs\c & c++\cpp_concepts\smartpointer\debug\link.10460-cvtres.write.1.tlog
d:\programs\c & c++\cpp_concepts\smartpointer\debug\link.10460.read.1.tlog
d:\programs\c & c++\cpp_concepts\smartpointer\debug\link.10460.write.1.tlog
d:\programs\c & c++\cpp_concepts\smartpointer\debug\link.3216-cvtres.read.1.tlog
d:\programs\c & c++\cpp_concepts\smartpointer\debug\link.3216-cvtres.write.1.tlog
d:\programs\c & c++\cpp_concepts\smartpointer\debug\link.3216.read.1.tlog
d:\programs\c & c++\cpp_concepts\smartpointer\debug\link.3216.write.1.tlog
d:\programs\c & c++\cpp_concepts\smartpointer\debug\link.4080-cvtres.read.1.tlog
d:\programs\c & c++\cpp_concepts\smartpointer\debug\link.4080-cvtres.write.1.tlog
d:\programs\c & c++\cpp_concepts\smartpointer\debug\link.4080.read.1.tlog
d:\programs\c & c++\cpp_concepts\smartpointer\debug\link.4080.write.1.tlog
d:\programs\c & c++\cpp_concepts\smartpointer\debug\link.8412-cvtres.read.1.tlog
d:\programs\c & c++\cpp_concepts\smartpointer\debug\link.8412-cvtres.write.1.tlog
d:\programs\c & c++\cpp_concepts\smartpointer\debug\link.8412.read.1.tlog
d:\programs\c & c++\cpp_concepts\smartpointer\debug\link.8412.write.1.tlog
d:\programs\c & c++\cpp_concepts\smartpointer\debug\link.command.1.tlog
d:\programs\c & c++\cpp_concepts\smartpointer\debug\link.read.1.tlog
d:\programs\c & c++\cpp_concepts\smartpointer\debug\link.write.1.tlog
d:\programs\c & c++\cpp_concepts\smartpointer\debug\mt.command.1.tlog
d:\programs\c & c++\cpp_concepts\smartpointer\debug\mt.read.1.tlog
d:\programs\c & c++\cpp_concepts\smartpointer\debug\mt.write.1.tlog
d:\programs\c & c++\cpp_concepts\smartpointer\debug\rc.command.1.tlog
d:\programs\c & c++\cpp_concepts\smartpointer\debug\rc.read.1.tlog
d:\programs\c & c++\cpp_concepts\smartpointer\debug\rc.write.1.tlog
d:\programs\c & c++\cpp_concepts\smartpointer\debug\smartpointer.write.1.tlog
d:\programs\c & c++\cpp_concepts\smartpointer\debug\smartpointer.exe.embed.manifest
d:\programs\c & c++\cpp_concepts\smartpointer\debug\smartpointer.exe.intermediate.manifest
d:\programs\c & c++\cpp_concepts\smartpointer\debug\smartpointer.exe.embed.manifest.res
d:\programs\c & c++\cpp_concepts\smartpointer\debug\smartpointer.pch
d:\programs\c & c++\cpp_concepts\smartpointer\debug\vc100.idb
d:\programs\c & c++\cpp_concepts\smartpointer\debug\vc140.idb
d:\programs\c & c++\cpp_concepts\smartpointer\debug\vc100.pdb
d:\programs\c & c++\cpp_concepts\smartpointer\debug\vc140.pdb
d:\programs\c & c++\cpp_concepts\smartpointer\debug\smartpointer_manifest.rc
d:\programs\c & c++\cpp_concepts\debug\smartpointer.pdb
d:\programs\c & c++\cpp_concepts\debug\smartpointer.exe
d:\programs\c & c++\cpp_concepts\debug\smartpointer.ilk
d:\programs\c & c++\cpp_concepts\smartpointer\debug\smartpointer.tlog\cl.command.1.tlog
d:\programs\c & c++\cpp_concepts\smartpointer\debug\smartpointer.tlog\cl.read.1.tlog
d:\programs\c & c++\cpp_concepts\smartpointer\debug\smartpointer.tlog\cl.write.1.tlog
d:\programs\c & c++\cpp_concepts\smartpointer\debug\smartpointer.tlog\link.command.1.tlog
d:\programs\c & c++\cpp_concepts\smartpointer\debug\smartpointer.tlog\link.read.1.tlog
d:\programs\c & c++\cpp_concepts\smartpointer\debug\smartpointer.tlog\link.write.1.tlog
