c:\users\ravindrakumarg\documents\visual studio 2010\projects\testproject\externvariable\debug\externvariable.obj
c:\users\ravindrakumarg\documents\visual studio 2010\projects\testproject\externvariable\debug\stdafx.obj
c:\users\ravindrakumarg\documents\visual studio 2010\projects\testproject\externvariable\debug\vc100.pdb
c:\users\ravindrakumarg\documents\visual studio 2010\projects\testproject\debug\externvariable.ilk
c:\users\ravindrakumarg\documents\visual studio 2010\projects\testproject\debug\externvariable.exe
c:\users\ravindrakumarg\documents\visual studio 2010\projects\testproject\externvariable\debug\externvariable.exe.intermediate.manifest
c:\users\ravindrakumarg\documents\visual studio 2010\projects\testproject\debug\externvariable.pdb
c:\users\ravindrakumarg\documents\visual studio 2010\projects\testproject\externvariable\debug\externvariable.exe.embed.manifest
c:\users\ravindrakumarg\documents\visual studio 2010\projects\testproject\externvariable\debug\externvariable.exe.embed.manifest.res
d:\programs\c & c++\cpp_concepts\externvariable\debug\externvariable.vcxprojresolveassemblyreference.cache
d:\programs\c & c++\cpp_concepts\externvariable\debug\externvariable.obj
d:\programs\c & c++\cpp_concepts\externvariable\debug\stdafx.obj
d:\programs\c & c++\cpp_concepts\externvariable\debug\cl.command.1.tlog
d:\programs\c & c++\cpp_concepts\externvariable\debug\cl.read.1.tlog
d:\programs\c & c++\cpp_concepts\externvariable\debug\cl.write.1.tlog
d:\programs\c & c++\cpp_concepts\externvariable\debug\externvariable.write.1.tlog
d:\programs\c & c++\cpp_concepts\externvariable\debug\link-cvtres.read.1.tlog
d:\programs\c & c++\cpp_concepts\externvariable\debug\link-cvtres.write.1.tlog
d:\programs\c & c++\cpp_concepts\externvariable\debug\link.2104-cvtres.read.1.tlog
d:\programs\c & c++\cpp_concepts\externvariable\debug\link.2104-cvtres.write.1.tlog
d:\programs\c & c++\cpp_concepts\externvariable\debug\link.2104.read.1.tlog
d:\programs\c & c++\cpp_concepts\externvariable\debug\link.2104.write.1.tlog
d:\programs\c & c++\cpp_concepts\externvariable\debug\link.command.1.tlog
d:\programs\c & c++\cpp_concepts\externvariable\debug\link.read.1.tlog
d:\programs\c & c++\cpp_concepts\externvariable\debug\link.write.1.tlog
d:\programs\c & c++\cpp_concepts\externvariable\debug\mt.command.1.tlog
d:\programs\c & c++\cpp_concepts\externvariable\debug\mt.read.1.tlog
d:\programs\c & c++\cpp_concepts\externvariable\debug\mt.write.1.tlog
d:\programs\c & c++\cpp_concepts\externvariable\debug\rc.command.1.tlog
d:\programs\c & c++\cpp_concepts\externvariable\debug\rc.read.1.tlog
d:\programs\c & c++\cpp_concepts\externvariable\debug\rc.write.1.tlog
d:\programs\c & c++\cpp_concepts\externvariable\debug\externvariable.exe.embed.manifest
d:\programs\c & c++\cpp_concepts\externvariable\debug\externvariable.exe.intermediate.manifest
d:\programs\c & c++\cpp_concepts\externvariable\debug\externvariable.exe.embed.manifest.res
d:\programs\c & c++\cpp_concepts\externvariable\debug\vc100.idb
d:\programs\c & c++\cpp_concepts\externvariable\debug\vc100.pdb
d:\programs\c & c++\cpp_concepts\externvariable\debug\externvariable_manifest.rc
d:\programs\c & c++\cpp_concepts\debug\externvariable.pdb
d:\programs\c & c++\cpp_concepts\debug\externvariable.exe
d:\programs\c & c++\cpp_concepts\debug\externvariable.ilk
