c:\users\ravindrakumarg\documents\visual studio 2010\projects\testproject\vectortemplate\debug\vectortemplate.pch
c:\users\ravindrakumarg\documents\visual studio 2010\projects\testproject\vectortemplate\debug\stdafx.obj
c:\users\ravindrakumarg\documents\visual studio 2010\projects\testproject\vectortemplate\debug\vc100.pdb
c:\users\ravindrakumarg\documents\visual studio 2010\projects\testproject\vectortemplate\debug\vectortemplate.obj
c:\users\ravindrakumarg\documents\visual studio 2010\projects\testproject\debug\vectortemplate.ilk
c:\users\ravindrakumarg\documents\visual studio 2010\projects\testproject\debug\vectortemplate.exe
c:\users\ravindrakumarg\documents\visual studio 2010\projects\testproject\vectortemplate\debug\vectortemplate.exe.intermediate.manifest
c:\users\ravindrakumarg\documents\visual studio 2010\projects\testproject\debug\vectortemplate.pdb
c:\users\ravindrakumarg\documents\visual studio 2010\projects\testproject\vectortemplate\debug\vectortemplate.exe.embed.manifest
c:\users\ravindrakumarg\documents\visual studio 2010\projects\testproject\vectortemplate\debug\vectortemplate.exe.embed.manifest.res
d:\programs\c & c++\cpp_concepts\vectortemplate\debug\vectortemplate.vcxprojresolveassemblyreference.cache
d:\programs\c & c++\cpp_concepts\vectortemplate\debug\stdafx.obj
d:\programs\c & c++\cpp_concepts\vectortemplate\debug\vectortemplate.obj
d:\programs\c & c++\cpp_concepts\vectortemplate\debug\cl.command.1.tlog
d:\programs\c & c++\cpp_concepts\vectortemplate\debug\cl.read.1.tlog
d:\programs\c & c++\cpp_concepts\vectortemplate\debug\cl.write.1.tlog
d:\programs\c & c++\cpp_concepts\vectortemplate\debug\link-cvtres.read.1.tlog
d:\programs\c & c++\cpp_concepts\vectortemplate\debug\link-cvtres.write.1.tlog
d:\programs\c & c++\cpp_concepts\vectortemplate\debug\link.7280-cvtres.read.1.tlog
d:\programs\c & c++\cpp_concepts\vectortemplate\debug\link.7280-cvtres.write.1.tlog
d:\programs\c & c++\cpp_concepts\vectortemplate\debug\link.7280.read.1.tlog
d:\programs\c & c++\cpp_concepts\vectortemplate\debug\link.7280.write.1.tlog
d:\programs\c & c++\cpp_concepts\vectortemplate\debug\link.command.1.tlog
d:\programs\c & c++\cpp_concepts\vectortemplate\debug\link.read.1.tlog
d:\programs\c & c++\cpp_concepts\vectortemplate\debug\link.write.1.tlog
d:\programs\c & c++\cpp_concepts\vectortemplate\debug\mt.command.1.tlog
d:\programs\c & c++\cpp_concepts\vectortemplate\debug\mt.read.1.tlog
d:\programs\c & c++\cpp_concepts\vectortemplate\debug\mt.write.1.tlog
d:\programs\c & c++\cpp_concepts\vectortemplate\debug\rc.command.1.tlog
d:\programs\c & c++\cpp_concepts\vectortemplate\debug\rc.read.1.tlog
d:\programs\c & c++\cpp_concepts\vectortemplate\debug\rc.write.1.tlog
d:\programs\c & c++\cpp_concepts\vectortemplate\debug\vectortemplate.write.1.tlog
d:\programs\c & c++\cpp_concepts\vectortemplate\debug\vectortemplate.exe.embed.manifest
d:\programs\c & c++\cpp_concepts\vectortemplate\debug\vectortemplate.exe.intermediate.manifest
d:\programs\c & c++\cpp_concepts\vectortemplate\debug\vectortemplate.exe.embed.manifest.res
d:\programs\c & c++\cpp_concepts\vectortemplate\debug\vectortemplate.pch
d:\programs\c & c++\cpp_concepts\vectortemplate\debug\vc100.idb
d:\programs\c & c++\cpp_concepts\vectortemplate\debug\vc100.pdb
d:\programs\c & c++\cpp_concepts\vectortemplate\debug\vectortemplate_manifest.rc
d:\programs\c & c++\cpp_concepts\debug\vectortemplate.pdb
d:\programs\c & c++\cpp_concepts\debug\vectortemplate.exe
d:\programs\c & c++\cpp_concepts\debug\vectortemplate.ilk
