c:\users\ravindrakumarg\documents\visual studio 2010\projects\testproject\virtualfunction1\debug\virtualfunction1.pch
c:\users\ravindrakumarg\documents\visual studio 2010\projects\testproject\virtualfunction1\debug\stdafx.obj
c:\users\ravindrakumarg\documents\visual studio 2010\projects\testproject\virtualfunction1\debug\vc100.pdb
c:\users\ravindrakumarg\documents\visual studio 2010\projects\testproject\virtualfunction1\debug\virtualfunction1.obj
c:\users\ravindrakumarg\documents\visual studio 2010\projects\testproject\debug\virtualfunction1.ilk
c:\users\ravindrakumarg\documents\visual studio 2010\projects\testproject\debug\virtualfunction1.exe
c:\users\ravindrakumarg\documents\visual studio 2010\projects\testproject\virtualfunction1\debug\virtualfunction1.exe.intermediate.manifest
c:\users\ravindrakumarg\documents\visual studio 2010\projects\testproject\debug\virtualfunction1.pdb
c:\users\ravindrakumarg\documents\visual studio 2010\projects\testproject\virtualfunction1\debug\virtualfunction1.exe.embed.manifest.res
d:\programs\c & c++\cpp_concepts\virtualfunction1\debug\virtualfunction1.vcxprojresolveassemblyreference.cache
d:\programs\c & c++\cpp_concepts\virtualfunction1\debug\stdafx.obj
d:\programs\c & c++\cpp_concepts\virtualfunction1\debug\virtualfunction1.obj
d:\programs\c & c++\cpp_concepts\virtualfunction1\debug\cl.command.1.tlog
d:\programs\c & c++\cpp_concepts\virtualfunction1\debug\cl.read.1.tlog
d:\programs\c & c++\cpp_concepts\virtualfunction1\debug\cl.write.1.tlog
d:\programs\c & c++\cpp_concepts\virtualfunction1\debug\link-cvtres.read.1.tlog
d:\programs\c & c++\cpp_concepts\virtualfunction1\debug\link-cvtres.write.1.tlog
d:\programs\c & c++\cpp_concepts\virtualfunction1\debug\link.10736-cvtres.read.1.tlog
d:\programs\c & c++\cpp_concepts\virtualfunction1\debug\link.10736-cvtres.write.1.tlog
d:\programs\c & c++\cpp_concepts\virtualfunction1\debug\link.10736.read.1.tlog
d:\programs\c & c++\cpp_concepts\virtualfunction1\debug\link.10736.write.1.tlog
d:\programs\c & c++\cpp_concepts\virtualfunction1\debug\link.2760-cvtres.read.1.tlog
d:\programs\c & c++\cpp_concepts\virtualfunction1\debug\link.2760-cvtres.write.1.tlog
d:\programs\c & c++\cpp_concepts\virtualfunction1\debug\link.2760.read.1.tlog
d:\programs\c & c++\cpp_concepts\virtualfunction1\debug\link.2760.write.1.tlog
d:\programs\c & c++\cpp_concepts\virtualfunction1\debug\link.5000-cvtres.read.1.tlog
d:\programs\c & c++\cpp_concepts\virtualfunction1\debug\link.5000-cvtres.write.1.tlog
d:\programs\c & c++\cpp_concepts\virtualfunction1\debug\link.5000.read.1.tlog
d:\programs\c & c++\cpp_concepts\virtualfunction1\debug\link.5000.write.1.tlog
d:\programs\c & c++\cpp_concepts\virtualfunction1\debug\link.command.1.tlog
d:\programs\c & c++\cpp_concepts\virtualfunction1\debug\link.read.1.tlog
d:\programs\c & c++\cpp_concepts\virtualfunction1\debug\link.write.1.tlog
d:\programs\c & c++\cpp_concepts\virtualfunction1\debug\mt.command.1.tlog
d:\programs\c & c++\cpp_concepts\virtualfunction1\debug\mt.read.1.tlog
d:\programs\c & c++\cpp_concepts\virtualfunction1\debug\mt.write.1.tlog
d:\programs\c & c++\cpp_concepts\virtualfunction1\debug\rc.command.1.tlog
d:\programs\c & c++\cpp_concepts\virtualfunction1\debug\rc.read.1.tlog
d:\programs\c & c++\cpp_concepts\virtualfunction1\debug\rc.write.1.tlog
d:\programs\c & c++\cpp_concepts\virtualfunction1\debug\virtualfunction1.write.1.tlog
d:\programs\c & c++\cpp_concepts\virtualfunction1\debug\virtualfunction1.exe.embed.manifest
d:\programs\c & c++\cpp_concepts\virtualfunction1\debug\virtualfunction1.exe.intermediate.manifest
d:\programs\c & c++\cpp_concepts\virtualfunction1\debug\virtualfunction1.exe.embed.manifest.res
d:\programs\c & c++\cpp_concepts\virtualfunction1\debug\virtualfunction1.pch
d:\programs\c & c++\cpp_concepts\virtualfunction1\debug\vc100.idb
d:\programs\c & c++\cpp_concepts\virtualfunction1\debug\vc100.pdb
d:\programs\c & c++\cpp_concepts\virtualfunction1\debug\virtualfunction1_manifest.rc
d:\programs\c & c++\cpp_concepts\debug\virtualfunction1.pdb
d:\programs\c & c++\cpp_concepts\debug\virtualfunction1.exe
d:\programs\c & c++\cpp_concepts\debug\virtualfunction1.ilk
