d:\programs\c & c++\cpp_functionality\explicitly_dest_const\debug\explicitly_dest_const.pch
d:\programs\c & c++\cpp_functionality\explicitly_dest_const\debug\vc141.pdb
d:\programs\c & c++\cpp_functionality\explicitly_dest_const\debug\vc141.idb
d:\programs\c & c++\cpp_functionality\explicitly_dest_const\debug\stdafx.obj
d:\programs\c & c++\cpp_functionality\explicitly_dest_const\debug\explicitly_dest_const.obj
d:\programs\c & c++\cpp_functionality\debug\explicitly_dest_const.exe
d:\programs\c & c++\cpp_functionality\debug\explicitly_dest_const.ilk
d:\programs\c & c++\cpp_functionality\debug\explicitly_dest_const.pdb
d:\programs\c & c++\cpp_concepts\explicitly_dest_const\debug\explicitly_dest_const.obj
d:\programs\c & c++\cpp_concepts\explicitly_dest_const\debug\stdafx.obj
d:\programs\c & c++\cpp_concepts\explicitly_dest_const\debug\explicitly_dest_const.pch
d:\programs\c & c++\cpp_concepts\explicitly_dest_const\debug\vc141.idb
d:\programs\c & c++\cpp_concepts\explicitly_dest_const\debug\vc141.pdb
d:\programs\c & c++\cpp_concepts\debug\explicitly_dest_const.pdb
d:\programs\c & c++\cpp_concepts\debug\explicitly_dest_const.exe
d:\programs\c & c++\cpp_concepts\debug\explicitly_dest_const.ilk
d:\programs\c & c++\cpp_concepts\explicitly_dest_const\debug\explicit.486f1470.tlog\cl.command.1.tlog
d:\programs\c & c++\cpp_concepts\explicitly_dest_const\debug\explicit.486f1470.tlog\cl.read.1.tlog
d:\programs\c & c++\cpp_concepts\explicitly_dest_const\debug\explicit.486f1470.tlog\cl.write.1.tlog
d:\programs\c & c++\cpp_concepts\explicitly_dest_const\debug\explicit.486f1470.tlog\link.command.1.tlog
d:\programs\c & c++\cpp_concepts\explicitly_dest_const\debug\explicit.486f1470.tlog\link.read.1.tlog
d:\programs\c & c++\cpp_concepts\explicitly_dest_const\debug\explicit.486f1470.tlog\link.write.1.tlog
