c:\users\ravindrakumarg\documents\visual studio 2010\projects\testproject\varaibleargument\debug\vc100.pdb
c:\users\ravindrakumarg\documents\visual studio 2010\projects\testproject\varaibleargument\debug\varaibleargument.obj
c:\users\ravindrakumarg\documents\visual studio 2010\projects\testproject\varaibleargument\debug\varaibleargument.pch
c:\users\ravindrakumarg\documents\visual studio 2010\projects\testproject\varaibleargument\debug\stdafx.obj
c:\users\ravindrakumarg\documents\visual studio 2010\projects\testproject\debug\varaibleargument.ilk
c:\users\ravindrakumarg\documents\visual studio 2010\projects\testproject\debug\varaibleargument.exe
c:\users\ravindrakumarg\documents\visual studio 2010\projects\testproject\varaibleargument\debug\varaibleargument.exe.intermediate.manifest
c:\users\ravindrakumarg\documents\visual studio 2010\projects\testproject\debug\varaibleargument.pdb
c:\users\ravindrakumarg\documents\visual studio 2010\projects\testproject\varaibleargument\debug\varaibleargument.exe.embed.manifest
c:\users\ravindrakumarg\documents\visual studio 2010\projects\testproject\varaibleargument\debug\varaibleargument.exe.embed.manifest.res
d:\programs\c & c++\cpp_functionality\varaibleargument\debug\varaibleargument.pch
d:\programs\c & c++\cpp_functionality\varaibleargument\debug\vc141.pdb
d:\programs\c & c++\cpp_functionality\varaibleargument\debug\vc141.idb
d:\programs\c & c++\cpp_functionality\varaibleargument\debug\stdafx.obj
d:\programs\c & c++\cpp_functionality\varaibleargument\debug\varaibleargument.obj
d:\programs\c & c++\cpp_functionality\debug\varaibleargument.exe
d:\programs\c & c++\cpp_functionality\debug\varaibleargument.ilk
d:\programs\c & c++\cpp_functionality\debug\varaibleargument.pdb
d:\programs\c & c++\cpp_concepts\varaibleargument\debug\varaibleargument.vcxprojresolveassemblyreference.cache
d:\programs\c & c++\cpp_concepts\varaibleargument\debug\stdafx.obj
d:\programs\c & c++\cpp_concepts\varaibleargument\debug\varaibleargument.obj
d:\programs\c & c++\cpp_concepts\varaibleargument\debug\cl.command.1.tlog
d:\programs\c & c++\cpp_concepts\varaibleargument\debug\cl.read.1.tlog
d:\programs\c & c++\cpp_concepts\varaibleargument\debug\cl.write.1.tlog
d:\programs\c & c++\cpp_concepts\varaibleargument\debug\link-cvtres.read.1.tlog
d:\programs\c & c++\cpp_concepts\varaibleargument\debug\link-cvtres.write.1.tlog
d:\programs\c & c++\cpp_concepts\varaibleargument\debug\link.4016-cvtres.read.1.tlog
d:\programs\c & c++\cpp_concepts\varaibleargument\debug\link.4016-cvtres.write.1.tlog
d:\programs\c & c++\cpp_concepts\varaibleargument\debug\link.4016.read.1.tlog
d:\programs\c & c++\cpp_concepts\varaibleargument\debug\link.4016.write.1.tlog
d:\programs\c & c++\cpp_concepts\varaibleargument\debug\link.4244-cvtres.read.1.tlog
d:\programs\c & c++\cpp_concepts\varaibleargument\debug\link.4244-cvtres.write.1.tlog
d:\programs\c & c++\cpp_concepts\varaibleargument\debug\link.4244.read.1.tlog
d:\programs\c & c++\cpp_concepts\varaibleargument\debug\link.4244.write.1.tlog
d:\programs\c & c++\cpp_concepts\varaibleargument\debug\link.command.1.tlog
d:\programs\c & c++\cpp_concepts\varaibleargument\debug\link.read.1.tlog
d:\programs\c & c++\cpp_concepts\varaibleargument\debug\link.write.1.tlog
d:\programs\c & c++\cpp_concepts\varaibleargument\debug\mt.command.1.tlog
d:\programs\c & c++\cpp_concepts\varaibleargument\debug\mt.read.1.tlog
d:\programs\c & c++\cpp_concepts\varaibleargument\debug\mt.write.1.tlog
d:\programs\c & c++\cpp_concepts\varaibleargument\debug\rc.command.1.tlog
d:\programs\c & c++\cpp_concepts\varaibleargument\debug\rc.read.1.tlog
d:\programs\c & c++\cpp_concepts\varaibleargument\debug\rc.write.1.tlog
d:\programs\c & c++\cpp_concepts\varaibleargument\debug\varaibleargument.write.1.tlog
d:\programs\c & c++\cpp_concepts\varaibleargument\debug\varaibleargument.exe.embed.manifest
d:\programs\c & c++\cpp_concepts\varaibleargument\debug\varaibleargument.exe.intermediate.manifest
d:\programs\c & c++\cpp_concepts\varaibleargument\debug\varaibleargument.exe.embed.manifest.res
d:\programs\c & c++\cpp_concepts\varaibleargument\debug\varaibleargument.pch
d:\programs\c & c++\cpp_concepts\varaibleargument\debug\vc100.idb
d:\programs\c & c++\cpp_concepts\varaibleargument\debug\vc141.idb
d:\programs\c & c++\cpp_concepts\varaibleargument\debug\vc100.pdb
d:\programs\c & c++\cpp_concepts\varaibleargument\debug\vc141.pdb
d:\programs\c & c++\cpp_concepts\varaibleargument\debug\varaibleargument_manifest.rc
d:\programs\c & c++\cpp_concepts\debug\varaibleargument.pdb
d:\programs\c & c++\cpp_concepts\debug\varaibleargument.exe
d:\programs\c & c++\cpp_concepts\debug\varaibleargument.ilk
d:\programs\c & c++\cpp_concepts\varaibleargument\debug\varaibleargument.tlog\cl.command.1.tlog
d:\programs\c & c++\cpp_concepts\varaibleargument\debug\varaibleargument.tlog\cl.read.1.tlog
d:\programs\c & c++\cpp_concepts\varaibleargument\debug\varaibleargument.tlog\cl.write.1.tlog
d:\programs\c & c++\cpp_concepts\varaibleargument\debug\varaibleargument.tlog\link.command.1.tlog
d:\programs\c & c++\cpp_concepts\varaibleargument\debug\varaibleargument.tlog\link.delete.1.tlog
d:\programs\c & c++\cpp_concepts\varaibleargument\debug\varaibleargument.tlog\link.read.1.tlog
d:\programs\c & c++\cpp_concepts\varaibleargument\debug\varaibleargument.tlog\link.write.1.tlog
