c:\users\ravindrakumarg\documents\visual studio 2010\projects\testproject\templateexample\debug\templateexample.pch
c:\users\ravindrakumarg\documents\visual studio 2010\projects\testproject\templateexample\debug\stdafx.obj
c:\users\ravindrakumarg\documents\visual studio 2010\projects\testproject\templateexample\debug\vc100.pdb
c:\users\ravindrakumarg\documents\visual studio 2010\projects\testproject\templateexample\debug\templateexample.obj
c:\users\ravindrakumarg\documents\visual studio 2010\projects\testproject\debug\templateexample.ilk
c:\users\ravindrakumarg\documents\visual studio 2010\projects\testproject\debug\templateexample.exe
c:\users\ravindrakumarg\documents\visual studio 2010\projects\testproject\templateexample\debug\templateexample.exe.intermediate.manifest
c:\users\ravindrakumarg\documents\visual studio 2010\projects\testproject\debug\templateexample.pdb
c:\users\ravindrakumarg\documents\visual studio 2010\projects\testproject\templateexample\debug\templateexample.exe.embed.manifest
c:\users\ravindrakumarg\documents\visual studio 2010\projects\testproject\templateexample\debug\templateexample.exe.embed.manifest.res
d:\programs\c & c++\cpp_concepts\templateexample\debug\templateexample.vcxprojresolveassemblyreference.cache
d:\programs\c & c++\cpp_concepts\templateexample\debug\stdafx.obj
d:\programs\c & c++\cpp_concepts\templateexample\debug\templateexample.obj
d:\programs\c & c++\cpp_concepts\templateexample\debug\cl.command.1.tlog
d:\programs\c & c++\cpp_concepts\templateexample\debug\cl.read.1.tlog
d:\programs\c & c++\cpp_concepts\templateexample\debug\cl.write.1.tlog
d:\programs\c & c++\cpp_concepts\templateexample\debug\link-cvtres.read.1.tlog
d:\programs\c & c++\cpp_concepts\templateexample\debug\link-cvtres.write.1.tlog
d:\programs\c & c++\cpp_concepts\templateexample\debug\link.7056-cvtres.read.1.tlog
d:\programs\c & c++\cpp_concepts\templateexample\debug\link.7056-cvtres.write.1.tlog
d:\programs\c & c++\cpp_concepts\templateexample\debug\link.7056.read.1.tlog
d:\programs\c & c++\cpp_concepts\templateexample\debug\link.7056.write.1.tlog
d:\programs\c & c++\cpp_concepts\templateexample\debug\link.command.1.tlog
d:\programs\c & c++\cpp_concepts\templateexample\debug\link.read.1.tlog
d:\programs\c & c++\cpp_concepts\templateexample\debug\link.write.1.tlog
d:\programs\c & c++\cpp_concepts\templateexample\debug\mt.command.1.tlog
d:\programs\c & c++\cpp_concepts\templateexample\debug\mt.read.1.tlog
d:\programs\c & c++\cpp_concepts\templateexample\debug\mt.write.1.tlog
d:\programs\c & c++\cpp_concepts\templateexample\debug\rc.command.1.tlog
d:\programs\c & c++\cpp_concepts\templateexample\debug\rc.read.1.tlog
d:\programs\c & c++\cpp_concepts\templateexample\debug\rc.write.1.tlog
d:\programs\c & c++\cpp_concepts\templateexample\debug\templateexample.write.1.tlog
d:\programs\c & c++\cpp_concepts\templateexample\debug\templateexample.exe.embed.manifest
d:\programs\c & c++\cpp_concepts\templateexample\debug\templateexample.exe.intermediate.manifest
d:\programs\c & c++\cpp_concepts\templateexample\debug\templateexample.exe.embed.manifest.res
d:\programs\c & c++\cpp_concepts\templateexample\debug\templateexample.pch
d:\programs\c & c++\cpp_concepts\templateexample\debug\vc100.idb
d:\programs\c & c++\cpp_concepts\templateexample\debug\vc100.pdb
d:\programs\c & c++\cpp_concepts\templateexample\debug\templateexample_manifest.rc
d:\programs\c & c++\cpp_concepts\debug\templateexample.pdb
d:\programs\c & c++\cpp_concepts\debug\templateexample.exe
d:\programs\c & c++\cpp_concepts\debug\templateexample.ilk
