c:\users\ravindrakumarg\documents\visual studio 2010\projects\testproject\unionvsstructure\debug\unionvsstructure.pch
c:\users\ravindrakumarg\documents\visual studio 2010\projects\testproject\unionvsstructure\debug\stdafx.obj
c:\users\ravindrakumarg\documents\visual studio 2010\projects\testproject\unionvsstructure\debug\vc100.pdb
c:\users\ravindrakumarg\documents\visual studio 2010\projects\testproject\unionvsstructure\debug\unionvsstructure.obj
c:\users\ravindrakumarg\documents\visual studio 2010\projects\testproject\debug\unionvsstructure.ilk
c:\users\ravindrakumarg\documents\visual studio 2010\projects\testproject\debug\unionvsstructure.exe
c:\users\ravindrakumarg\documents\visual studio 2010\projects\testproject\unionvsstructure\debug\unionvsstructure.exe.intermediate.manifest
c:\users\ravindrakumarg\documents\visual studio 2010\projects\testproject\debug\unionvsstructure.pdb
c:\users\ravindrakumarg\documents\visual studio 2010\projects\testproject\unionvsstructure\debug\unionvsstructure.exe.embed.manifest
c:\users\ravindrakumarg\documents\visual studio 2010\projects\testproject\unionvsstructure\debug\unionvsstructure.exe.embed.manifest.res
d:\programs\c & c++\cpp_concepts\unionvsstructure\debug\unionvsstructure.vcxprojresolveassemblyreference.cache
d:\programs\c & c++\cpp_concepts\unionvsstructure\debug\stdafx.obj
d:\programs\c & c++\cpp_concepts\unionvsstructure\debug\unionvsstructure.obj
d:\programs\c & c++\cpp_concepts\unionvsstructure\debug\cl.command.1.tlog
d:\programs\c & c++\cpp_concepts\unionvsstructure\debug\cl.read.1.tlog
d:\programs\c & c++\cpp_concepts\unionvsstructure\debug\cl.write.1.tlog
d:\programs\c & c++\cpp_concepts\unionvsstructure\debug\link-cvtres.read.1.tlog
d:\programs\c & c++\cpp_concepts\unionvsstructure\debug\link-cvtres.write.1.tlog
d:\programs\c & c++\cpp_concepts\unionvsstructure\debug\link.7048-cvtres.read.1.tlog
d:\programs\c & c++\cpp_concepts\unionvsstructure\debug\link.7048-cvtres.write.1.tlog
d:\programs\c & c++\cpp_concepts\unionvsstructure\debug\link.7048.read.1.tlog
d:\programs\c & c++\cpp_concepts\unionvsstructure\debug\link.7048.write.1.tlog
d:\programs\c & c++\cpp_concepts\unionvsstructure\debug\link.command.1.tlog
d:\programs\c & c++\cpp_concepts\unionvsstructure\debug\link.read.1.tlog
d:\programs\c & c++\cpp_concepts\unionvsstructure\debug\link.write.1.tlog
d:\programs\c & c++\cpp_concepts\unionvsstructure\debug\mt.command.1.tlog
d:\programs\c & c++\cpp_concepts\unionvsstructure\debug\mt.read.1.tlog
d:\programs\c & c++\cpp_concepts\unionvsstructure\debug\mt.write.1.tlog
d:\programs\c & c++\cpp_concepts\unionvsstructure\debug\rc.command.1.tlog
d:\programs\c & c++\cpp_concepts\unionvsstructure\debug\rc.read.1.tlog
d:\programs\c & c++\cpp_concepts\unionvsstructure\debug\rc.write.1.tlog
d:\programs\c & c++\cpp_concepts\unionvsstructure\debug\unionvsstructure.write.1.tlog
d:\programs\c & c++\cpp_concepts\unionvsstructure\debug\unionvsstructure.exe.embed.manifest
d:\programs\c & c++\cpp_concepts\unionvsstructure\debug\unionvsstructure.exe.intermediate.manifest
d:\programs\c & c++\cpp_concepts\unionvsstructure\debug\unionvsstructure.exe.embed.manifest.res
d:\programs\c & c++\cpp_concepts\unionvsstructure\debug\unionvsstructure.pch
d:\programs\c & c++\cpp_concepts\unionvsstructure\debug\vc100.idb
d:\programs\c & c++\cpp_concepts\unionvsstructure\debug\vc100.pdb
d:\programs\c & c++\cpp_concepts\unionvsstructure\debug\unionvsstructure_manifest.rc
d:\programs\c & c++\cpp_concepts\debug\unionvsstructure.pdb
d:\programs\c & c++\cpp_concepts\debug\unionvsstructure.exe
d:\programs\c & c++\cpp_concepts\debug\unionvsstructure.ilk
